TN:
SF:backup/access-control.ts
FN:5,(anonymous_0)
FNF:1
FNH:0
FNDA:0,(anonymous_0)
DA:5,0
DA:10,0
DA:13,0
DA:14,0
DA:17,0
DA:19,0
DA:21,0
DA:22,0
DA:27,0
DA:30,0
DA:34,0
DA:35,0
DA:40,0
DA:41,0
DA:42,0
DA:44,0
DA:47,0
DA:50,0
DA:51,0
DA:54,0
DA:55,0
DA:60,0
LF:22
LH:0
BRDA:13,0,0,0
BRDA:13,0,1,0
BRDA:17,1,0,0
BRDA:17,1,1,0
BRDA:19,2,0,0
BRDA:19,2,1,0
BRDA:34,3,0,0
BRDA:34,3,1,0
BRDA:34,4,0,0
BRDA:34,4,1,0
BRDA:40,5,0,0
BRDA:40,5,1,0
BRDA:41,6,0,0
BRDA:41,6,1,0
BRDA:41,7,0,0
BRDA:41,7,1,0
BRDA:44,8,0,0
BRDA:44,8,1,0
BRDA:50,9,0,0
BRDA:50,9,1,0
BRF:20
BRH:0
end_of_record
TN:
SF:backup/action-hook-20251028-080806.ts
FN:17,validateActionHookResult
FN:33,formatInvalidHookResultError
FNF:2
FNH:0
FNDA:0,validateActionHookResult
FNDA:0,formatInvalidHookResultError
DA:20,0
DA:21,0
DA:23,0
DA:24,0
DA:26,0
DA:27,0
DA:30,0
DA:34,0
LF:8
LH:0
BRDA:20,0,0,0
BRDA:20,0,1,0
BRDA:20,1,0,0
BRDA:20,1,1,0
BRDA:20,1,2,0
BRDA:23,2,0,0
BRDA:23,2,1,0
BRDA:23,3,0,0
BRDA:23,3,1,0
BRDA:26,4,0,0
BRDA:26,4,1,0
BRDA:26,5,0,0
BRDA:26,5,1,0
BRF:13
BRH:0
end_of_record
TN:
SF:backup/action-hook.ts
FN:17,validateActionHookResult
FN:33,formatInvalidHookResultError
FNF:2
FNH:0
FNDA:0,validateActionHookResult
FNDA:0,formatInvalidHookResultError
DA:20,0
DA:21,0
DA:23,0
DA:24,0
DA:26,0
DA:27,0
DA:30,0
DA:34,0
LF:8
LH:0
BRDA:20,0,0,0
BRDA:20,0,1,0
BRDA:20,1,0,0
BRDA:20,1,1,0
BRDA:20,1,2,0
BRDA:23,2,0,0
BRDA:23,2,1,0
BRDA:23,3,0,0
BRDA:23,3,1,0
BRDA:26,4,0,0
BRDA:26,4,1,0
BRDA:26,5,0,0
BRDA:26,5,1,0
BRF:13
BRH:0
end_of_record
TN:
SF:backup/auth-handlers-20251028-080806.ts
FN:18,extractUserId
FN:22,extractOrganizationId
FN:32,createBetterAuthHandler
FN:35,(anonymous_3)
FN:80,extractTokenFromCookie
FN:84,extractTokenFromHeader
FN:106,extractTokenFromPayload
FN:110,extractOrgIdFromPayload
FN:119,createJWTHandler
FN:123,(anonymous_9)
FN:173,createAgentHandler
FN:174,(anonymous_11)
FNF:12
FNH:0
FNDA:0,extractUserId
FNDA:0,extractOrganizationId
FNDA:0,createBetterAuthHandler
FNDA:0,(anonymous_3)
FNDA:0,extractTokenFromCookie
FNDA:0,extractTokenFromHeader
FNDA:0,extractTokenFromPayload
FNDA:0,extractOrgIdFromPayload
FNDA:0,createJWTHandler
FNDA:0,(anonymous_9)
FNDA:0,createAgentHandler
FNDA:0,(anonymous_11)
DA:19,0
DA:23,0
DA:35,0
DA:36,0
DA:37,0
DA:38,0
DA:39,0
DA:45,0
DA:47,0
DA:48,0
DA:54,0
DA:55,0
DA:57,0
DA:58,0
DA:64,0
DA:72,0
DA:81,0
DA:87,0
DA:88,0
DA:91,0
DA:92,0
DA:93,0
DA:96,0
DA:97,0
DA:103,0
DA:107,0
DA:111,0
DA:123,0
DA:124,0
DA:125,0
DA:127,0
DA:128,0
DA:129,0
DA:130,0
DA:131,0
DA:132,0
DA:134,0
DA:135,0
DA:138,0
DA:139,0
DA:142,0
DA:144,0
DA:145,0
DA:148,0
DA:149,0
DA:151,0
DA:152,0
DA:158,0
DA:165,0
DA:174,0
DA:175,0
DA:177,0
LF:52
LH:0
BRDA:19,0,0,0
BRDA:19,0,1,0
BRDA:19,0,2,0
BRDA:19,0,3,0
BRDA:24,1,0,0
BRDA:24,1,1,0
BRDA:24,1,2,0
BRDA:24,1,3,0
BRDA:24,1,4,0
BRDA:37,2,0,0
BRDA:37,2,1,0
BRDA:38,3,0,0
BRDA:38,3,1,0
BRDA:47,4,0,0
BRDA:47,4,1,0
BRDA:47,5,0,0
BRDA:47,5,1,0
BRDA:57,6,0,0
BRDA:57,6,1,0
BRDA:57,7,0,0
BRDA:57,7,1,0
BRDA:73,8,0,0
BRDA:73,8,1,0
BRDA:81,9,0,0
BRDA:81,9,1,0
BRDA:87,10,0,0
BRDA:87,10,1,0
BRDA:92,11,0,0
BRDA:92,11,1,0
BRDA:96,12,0,0
BRDA:96,12,1,0
BRDA:107,13,0,0
BRDA:107,13,1,0
BRDA:112,14,0,0
BRDA:112,14,1,0
BRDA:112,14,2,0
BRDA:112,14,3,0
BRDA:127,15,0,0
BRDA:127,15,1,0
BRDA:129,16,0,0
BRDA:129,16,1,0
BRDA:131,17,0,0
BRDA:131,17,1,0
BRDA:131,18,0,0
BRDA:131,18,1,0
BRDA:134,19,0,0
BRDA:134,19,1,0
BRDA:138,20,0,0
BRDA:138,20,1,0
BRDA:144,21,0,0
BRDA:144,21,1,0
BRDA:151,22,0,0
BRDA:151,22,1,0
BRDA:151,23,0,0
BRDA:151,23,1,0
BRDA:162,24,0,0
BRDA:162,24,1,0
BRDA:166,25,0,0
BRDA:166,25,1,0
BRF:59
BRH:0
end_of_record
TN:
SF:backup/create-models-test-20251028-security-hardening.ts
FN:17,(anonymous_0)
FN:23,(anonymous_1)
FN:70,(anonymous_2)
FN:74,(anonymous_3)
FN:75,(anonymous_4)
FN:76,(anonymous_5)
FN:84,(anonymous_6)
FN:92,(anonymous_7)
FN:93,(anonymous_8)
FN:102,(anonymous_9)
FN:124,(anonymous_10)
FN:151,(anonymous_11)
FN:152,(anonymous_12)
FN:161,(anonymous_13)
FN:170,(anonymous_14)
FN:171,(anonymous_15)
FN:185,(anonymous_16)
FN:207,(anonymous_17)
FN:208,(anonymous_18)
FN:223,(anonymous_19)
FN:245,(anonymous_20)
FN:246,(anonymous_21)
FN:256,(anonymous_22)
FN:257,(anonymous_23)
FN:285,(anonymous_24)
FN:286,(anonymous_25)
FN:296,(anonymous_26)
FN:303,(anonymous_27)
FN:307,(anonymous_28)
FN:313,(anonymous_29)
FN:317,(anonymous_30)
FN:326,(anonymous_31)
FN:336,(anonymous_32)
FN:337,(anonymous_33)
FN:352,(anonymous_34)
FN:368,(anonymous_35)
FN:389,(anonymous_36)
FN:390,(anonymous_37)
FN:404,(anonymous_38)
FN:405,(anonymous_39)
FN:406,(anonymous_40)
FN:416,(anonymous_41)
FN:422,(anonymous_42)
FN:423,(anonymous_43)
FN:453,(anonymous_44)
FN:459,(anonymous_45)
FN:460,(anonymous_46)
FN:491,(anonymous_47)
FN:492,(anonymous_48)
FN:504,(anonymous_49)
FN:519,(anonymous_50)
FN:520,(anonymous_51)
FN:550,(anonymous_52)
FN:551,(anonymous_53)
FN:552,(anonymous_54)
FN:562,(anonymous_55)
FN:572,(anonymous_56)
FN:573,(anonymous_57)
FN:588,(anonymous_58)
FN:589,(anonymous_59)
FN:609,(anonymous_60)
FN:610,(anonymous_61)
FN:620,(anonymous_62)
FN:630,(anonymous_63)
FN:640,(anonymous_64)
FN:650,(anonymous_65)
FN:661,(anonymous_66)
FN:662,(anonymous_67)
FN:677,(anonymous_68)
FN:678,(anonymous_69)
FN:679,(anonymous_70)
FN:685,(anonymous_71)
FN:705,(anonymous_72)
FN:706,(anonymous_73)
FN:717,(anonymous_74)
FN:728,(anonymous_75)
FN:740,(anonymous_76)
FN:741,(anonymous_77)
FN:758,(anonymous_78)
FN:766,(anonymous_79)
FN:805,(anonymous_80)
FN:806,(anonymous_81)
FN:807,(anonymous_82)
FN:829,(anonymous_83)
FN:830,(anonymous_84)
FN:850,(anonymous_85)
FN:851,(anonymous_86)
FN:887,(anonymous_87)
FN:888,(anonymous_88)
FN:904,(anonymous_89)
FN:905,(anonymous_90)
FN:941,(anonymous_91)
FN:942,(anonymous_92)
FN:950,(anonymous_93)
FN:968,(anonymous_94)
FN:1015,(anonymous_95)
FN:1016,(anonymous_96)
FN:1029,(anonymous_97)
FN:1040,(anonymous_98)
FN:1051,(anonymous_99)
FN:1052,(anonymous_100)
FN:1056,(anonymous_101)
FN:1071,(anonymous_102)
FN:1091,(anonymous_103)
FN:1092,(anonymous_104)
FN:1093,(anonymous_105)
FN:1110,(anonymous_106)
FN:1162,(anonymous_107)
FN:1168,(anonymous_108)
FN:1197,(anonymous_109)
FN:1212,(anonymous_110)
FN:1269,(anonymous_111)
FN:1303,(anonymous_112)
FN:1304,(anonymous_113)
FN:1307,(anonymous_114)
FN:1332,(anonymous_115)
FN:1335,(anonymous_116)
FN:1365,(anonymous_117)
FN:1366,(anonymous_118)
FN:1382,(anonymous_119)
FN:1383,(anonymous_120)
FN:1399,(anonymous_121)
FN:1412,(anonymous_122)
FN:1413,(anonymous_123)
FN:1424,(anonymous_124)
FN:1434,(anonymous_125)
FN:1447,(anonymous_126)
FN:1456,(anonymous_127)
FN:1468,(anonymous_128)
FN:1477,(anonymous_129)
FN:1478,(anonymous_130)
FN:1495,(anonymous_131)
FN:1496,(anonymous_132)
FN:1511,(anonymous_133)
FN:1521,(anonymous_134)
FN:1522,(anonymous_135)
FN:1535,(anonymous_136)
FNF:137
FNH:0
FNDA:0,(anonymous_0)
FNDA:0,(anonymous_1)
FNDA:0,(anonymous_2)
FNDA:0,(anonymous_3)
FNDA:0,(anonymous_4)
FNDA:0,(anonymous_5)
FNDA:0,(anonymous_6)
FNDA:0,(anonymous_7)
FNDA:0,(anonymous_8)
FNDA:0,(anonymous_9)
FNDA:0,(anonymous_10)
FNDA:0,(anonymous_11)
FNDA:0,(anonymous_12)
FNDA:0,(anonymous_13)
FNDA:0,(anonymous_14)
FNDA:0,(anonymous_15)
FNDA:0,(anonymous_16)
FNDA:0,(anonymous_17)
FNDA:0,(anonymous_18)
FNDA:0,(anonymous_19)
FNDA:0,(anonymous_20)
FNDA:0,(anonymous_21)
FNDA:0,(anonymous_22)
FNDA:0,(anonymous_23)
FNDA:0,(anonymous_24)
FNDA:0,(anonymous_25)
FNDA:0,(anonymous_26)
FNDA:0,(anonymous_27)
FNDA:0,(anonymous_28)
FNDA:0,(anonymous_29)
FNDA:0,(anonymous_30)
FNDA:0,(anonymous_31)
FNDA:0,(anonymous_32)
FNDA:0,(anonymous_33)
FNDA:0,(anonymous_34)
FNDA:0,(anonymous_35)
FNDA:0,(anonymous_36)
FNDA:0,(anonymous_37)
FNDA:0,(anonymous_38)
FNDA:0,(anonymous_39)
FNDA:0,(anonymous_40)
FNDA:0,(anonymous_41)
FNDA:0,(anonymous_42)
FNDA:0,(anonymous_43)
FNDA:0,(anonymous_44)
FNDA:0,(anonymous_45)
FNDA:0,(anonymous_46)
FNDA:0,(anonymous_47)
FNDA:0,(anonymous_48)
FNDA:0,(anonymous_49)
FNDA:0,(anonymous_50)
FNDA:0,(anonymous_51)
FNDA:0,(anonymous_52)
FNDA:0,(anonymous_53)
FNDA:0,(anonymous_54)
FNDA:0,(anonymous_55)
FNDA:0,(anonymous_56)
FNDA:0,(anonymous_57)
FNDA:0,(anonymous_58)
FNDA:0,(anonymous_59)
FNDA:0,(anonymous_60)
FNDA:0,(anonymous_61)
FNDA:0,(anonymous_62)
FNDA:0,(anonymous_63)
FNDA:0,(anonymous_64)
FNDA:0,(anonymous_65)
FNDA:0,(anonymous_66)
FNDA:0,(anonymous_67)
FNDA:0,(anonymous_68)
FNDA:0,(anonymous_69)
FNDA:0,(anonymous_70)
FNDA:0,(anonymous_71)
FNDA:0,(anonymous_72)
FNDA:0,(anonymous_73)
FNDA:0,(anonymous_74)
FNDA:0,(anonymous_75)
FNDA:0,(anonymous_76)
FNDA:0,(anonymous_77)
FNDA:0,(anonymous_78)
FNDA:0,(anonymous_79)
FNDA:0,(anonymous_80)
FNDA:0,(anonymous_81)
FNDA:0,(anonymous_82)
FNDA:0,(anonymous_83)
FNDA:0,(anonymous_84)
FNDA:0,(anonymous_85)
FNDA:0,(anonymous_86)
FNDA:0,(anonymous_87)
FNDA:0,(anonymous_88)
FNDA:0,(anonymous_89)
FNDA:0,(anonymous_90)
FNDA:0,(anonymous_91)
FNDA:0,(anonymous_92)
FNDA:0,(anonymous_93)
FNDA:0,(anonymous_94)
FNDA:0,(anonymous_95)
FNDA:0,(anonymous_96)
FNDA:0,(anonymous_97)
FNDA:0,(anonymous_98)
FNDA:0,(anonymous_99)
FNDA:0,(anonymous_100)
FNDA:0,(anonymous_101)
FNDA:0,(anonymous_102)
FNDA:0,(anonymous_103)
FNDA:0,(anonymous_104)
FNDA:0,(anonymous_105)
FNDA:0,(anonymous_106)
FNDA:0,(anonymous_107)
FNDA:0,(anonymous_108)
FNDA:0,(anonymous_109)
FNDA:0,(anonymous_110)
FNDA:0,(anonymous_111)
FNDA:0,(anonymous_112)
FNDA:0,(anonymous_113)
FNDA:0,(anonymous_114)
FNDA:0,(anonymous_115)
FNDA:0,(anonymous_116)
FNDA:0,(anonymous_117)
FNDA:0,(anonymous_118)
FNDA:0,(anonymous_119)
FNDA:0,(anonymous_120)
FNDA:0,(anonymous_121)
FNDA:0,(anonymous_122)
FNDA:0,(anonymous_123)
FNDA:0,(anonymous_124)
FNDA:0,(anonymous_125)
FNDA:0,(anonymous_126)
FNDA:0,(anonymous_127)
FNDA:0,(anonymous_128)
FNDA:0,(anonymous_129)
FNDA:0,(anonymous_130)
FNDA:0,(anonymous_131)
FNDA:0,(anonymous_132)
FNDA:0,(anonymous_133)
FNDA:0,(anonymous_134)
FNDA:0,(anonymous_135)
FNDA:0,(anonymous_136)
DA:17,0
DA:23,0
DA:24,0
DA:27,0
DA:32,0
DA:43,0
DA:45,0
DA:46,0
DA:47,0
DA:51,0
DA:53,0
DA:55,0
DA:57,0
DA:58,0
DA:59,0
DA:63,0
DA:67,0
DA:70,0
DA:71,0
DA:74,0
DA:75,0
DA:76,0
DA:77,0
DA:78,0
DA:79,0
DA:80,0
DA:81,0
DA:84,0
DA:86,0
DA:87,0
DA:88,0
DA:92,0
DA:93,0
DA:94,0
DA:97,0
DA:98,0
DA:99,0
DA:102,0
DA:104,0
DA:110,0
DA:111,0
DA:117,0
DA:119,0
DA:120,0
DA:121,0
DA:124,0
DA:126,0
DA:132,0
DA:133,0
DA:139,0
DA:141,0
DA:145,0
DA:146,0
DA:147,0
DA:151,0
DA:152,0
DA:153,0
DA:156,0
DA:157,0
DA:158,0
DA:161,0
DA:162,0
DA:165,0
DA:166,0
DA:170,0
DA:171,0
DA:172,0
DA:176,0
DA:178,0
DA:179,0
DA:180,0
DA:181,0
DA:182,0
DA:185,0
DA:186,0
DA:199,0
DA:200,0
DA:201,0
DA:202,0
DA:203,0
DA:207,0
DA:208,0
DA:209,0
DA:217,0
DA:218,0
DA:219,0
DA:220,0
DA:223,0
DA:224,0
DA:233,0
DA:240,0
DA:241,0
DA:245,0
DA:246,0
DA:247,0
DA:248,0
DA:250,0
DA:251,0
DA:256,0
DA:257,0
DA:259,0
DA:267,0
DA:275,0
DA:285,0
DA:286,0
DA:287,0
DA:292,0
DA:293,0
DA:296,0
DA:297,0
DA:300,0
DA:301,0
DA:302,0
DA:303,0
DA:307,0
DA:308,0
DA:311,0
DA:312,0
DA:313,0
DA:317,0
DA:318,0
DA:321,0
DA:322,0
DA:323,0
DA:326,0
DA:327,0
DA:330,0
DA:331,0
DA:332,0
DA:336,0
DA:337,0
DA:338,0
DA:348,0
DA:349,0
DA:352,0
DA:353,0
DA:363,0
DA:364,0
DA:365,0
DA:368,0
DA:369,0
DA:384,0
DA:385,0
DA:389,0
DA:390,0
DA:391,0
DA:398,0
DA:399,0
DA:404,0
DA:405,0
DA:406,0
DA:407,0
DA:413,0
DA:414,0
DA:415,0
DA:416,0
DA:422,0
DA:423,0
DA:425,0
DA:428,0
DA:432,0
DA:442,0
DA:443,0
DA:445,0
DA:453,0
DA:459,0
DA:460,0
DA:462,0
DA:465,0
DA:469,0
DA:476,0
DA:477,0
DA:479,0
DA:487,0
DA:491,0
DA:492,0
DA:493,0
DA:499,0
DA:500,0
DA:501,0
DA:504,0
DA:505,0
DA:511,0
DA:512,0
DA:513,0
DA:514,0
DA:515,0
DA:519,0
DA:520,0
DA:521,0
DA:540,0
DA:542,0
DA:543,0
DA:545,0
DA:550,0
DA:551,0
DA:552,0
DA:553,0
DA:558,0
DA:559,0
DA:562,0
DA:563,0
DA:567,0
DA:568,0
DA:572,0
DA:573,0
DA:575,0
DA:577,0
DA:582,0
DA:583,0
DA:588,0
DA:589,0
DA:591,0
DA:599,0
DA:609,0
DA:610,0
DA:611,0
DA:615,0
DA:616,0
DA:617,0
DA:620,0
DA:621,0
DA:625,0
DA:626,0
DA:627,0
DA:630,0
DA:631,0
DA:635,0
DA:636,0
DA:637,0
DA:640,0
DA:641,0
DA:645,0
DA:646,0
DA:647,0
DA:650,0
DA:651,0
DA:655,0
DA:656,0
DA:657,0
DA:661,0
DA:662,0
DA:663,0
DA:668,0
DA:669,0
DA:670,0
DA:671,0
DA:672,0
DA:677,0
DA:678,0
DA:679,0
DA:680,0
DA:681,0
DA:682,0
DA:685,0
DA:686,0
DA:694,0
DA:700,0
DA:701,0
DA:705,0
DA:706,0
DA:707,0
DA:713,0
DA:714,0
DA:717,0
DA:718,0
DA:724,0
DA:725,0
DA:728,0
DA:729,0
DA:735,0
DA:736,0
DA:740,0
DA:741,0
DA:742,0
DA:749,0
DA:758,0
DA:759,0
DA:760,0
DA:761,0
DA:762,0
DA:763,0
DA:766,0
DA:767,0
DA:778,0
DA:805,0
DA:806,0
DA:807,0
DA:808,0
DA:809,0
DA:812,0
DA:815,0
DA:816,0
DA:820,0
DA:823,0
DA:824,0
DA:825,0
DA:829,0
DA:830,0
DA:832,0
DA:833,0
DA:837,0
DA:838,0
DA:839,0
DA:842,0
DA:845,0
DA:846,0
DA:850,0
DA:851,0
DA:853,0
DA:861,0
DA:862,0
DA:863,0
DA:864,0
DA:867,0
DA:874,0
DA:875,0
DA:879,0
DA:883,0
DA:887,0
DA:888,0
DA:889,0
DA:890,0
DA:893,0
DA:899,0
DA:900,0
DA:904,0
DA:905,0
DA:907,0
DA:915,0
DA:916,0
DA:917,0
DA:918,0
DA:922,0
DA:929,0
DA:930,0
DA:933,0
DA:936,0
DA:941,0
DA:942,0
DA:943,0
DA:944,0
DA:945,0
DA:946,0
DA:947,0
DA:950,0
DA:951,0
DA:960,0
DA:964,0
DA:965,0
DA:968,0
DA:970,0
DA:992,0
DA:1003,0
DA:1004,0
DA:1005,0
DA:1006,0
DA:1007,0
DA:1008,0
DA:1009,0
DA:1010,0
DA:1011,0
DA:1015,0
DA:1016,0
DA:1018,0
DA:1024,0
DA:1025,0
DA:1026,0
DA:1029,0
DA:1031,0
DA:1036,0
DA:1037,0
DA:1040,0
DA:1042,0
DA:1047,0
DA:1051,0
DA:1052,0
DA:1053,0
DA:1056,0
DA:1057,0
DA:1063,0
DA:1064,0
DA:1066,0
DA:1067,0
DA:1068,0
DA:1071,0
DA:1072,0
DA:1074,0
DA:1083,0
DA:1085,0
DA:1086,0
DA:1087,0
DA:1091,0
DA:1092,0
DA:1093,0
DA:1094,0
DA:1097,0
DA:1103,0
DA:1110,0
DA:1111,0
DA:1117,0
DA:1124,0
DA:1129,0
DA:1130,0
DA:1131,0
DA:1135,0
DA:1140,0
DA:1141,0
DA:1142,0
DA:1145,0
DA:1149,0
DA:1152,0
DA:1156,0
DA:1157,0
DA:1158,0
DA:1159,0
DA:1162,0
DA:1163,0
DA:1165,0
DA:1167,0
DA:1168,0
DA:1169,0
DA:1175,0
DA:1179,0
DA:1182,0
DA:1185,0
DA:1188,0
DA:1191,0
DA:1194,0
DA:1197,0
DA:1198,0
DA:1200,0
DA:1206,0
DA:1212,0
DA:1213,0
DA:1219,0
DA:1226,0
DA:1230,0
DA:1232,0
DA:1233,0
DA:1237,0
DA:1243,0
DA:1251,0
DA:1255,0
DA:1258,0
DA:1259,0
DA:1261,0
DA:1264,0
DA:1269,0
DA:1270,0
DA:1271,0
DA:1277,0
DA:1281,0
DA:1283,0
DA:1284,0
DA:1288,0
DA:1292,0
DA:1293,0
DA:1294,0
DA:1295,0
DA:1297,0
DA:1298,0
DA:1303,0
DA:1304,0
DA:1305,0
DA:1307,0
DA:1308,0
DA:1314,0
DA:1318,0
DA:1320,0
DA:1321,0
DA:1325,0
DA:1327,0
DA:1328,0
DA:1332,0
DA:1333,0
DA:1335,0
DA:1336,0
DA:1342,0
DA:1346,0
DA:1348,0
DA:1349,0
DA:1353,0
DA:1358,0
DA:1359,0
DA:1365,0
DA:1366,0
DA:1368,0
DA:1374,0
DA:1382,0
DA:1383,0
DA:1384,0
DA:1388,0
DA:1389,0
DA:1390,0
DA:1391,0
DA:1392,0
DA:1394,0
DA:1395,0
DA:1396,0
DA:1399,0
DA:1400,0
DA:1404,0
DA:1405,0
DA:1406,0
DA:1407,0
DA:1408,0
DA:1412,0
DA:1413,0
DA:1414,0
DA:1418,0
DA:1419,0
DA:1420,0
DA:1423,0
DA:1424,0
DA:1425,0
DA:1426,0
DA:1427,0
DA:1428,0
DA:1429,0
DA:1434,0
DA:1435,0
DA:1441,0
DA:1442,0
DA:1444,0
DA:1445,0
DA:1446,0
DA:1448,0
DA:1449,0
DA:1450,0
DA:1456,0
DA:1457,0
DA:1463,0
DA:1464,0
DA:1465,0
DA:1467,0
DA:1468,0
DA:1469,0
DA:1470,0
DA:1471,0
DA:1477,0
DA:1478,0
DA:1479,0
DA:1486,0
DA:1487,0
DA:1488,0
DA:1489,0
DA:1490,0
DA:1491,0
DA:1495,0
DA:1496,0
DA:1497,0
DA:1498,0
DA:1499,0
DA:1501,0
DA:1503,0
DA:1507,0
DA:1508,0
DA:1509,0
DA:1510,0
DA:1511,0
DA:1512,0
DA:1513,0
DA:1514,0
DA:1515,0
DA:1521,0
DA:1522,0
DA:1523,0
DA:1527,0
DA:1528,0
DA:1529,0
DA:1530,0
DA:1531,0
DA:1532,0
DA:1535,0
DA:1536,0
DA:1550,0
DA:1551,0
DA:1552,0
DA:1553,0
DA:1554,0
LF:581
LH:0
BRDA:46,0,0,0
BRDA:46,0,1,0
BRDA:46,1,0,0
BRDA:46,1,1,0
BRDA:58,2,0,0
BRDA:58,2,1,0
BRDA:58,3,0,0
BRDA:58,3,1,0
BRDA:542,4,0,0
BRDA:542,4,1,0
BRDA:1047,5,0,0
BRDA:1047,5,1,0
BRDA:1130,6,0,0
BRDA:1130,6,1,0
BRDA:1130,7,0,0
BRDA:1130,7,1,0
BRDA:1131,8,0,0
BRDA:1131,8,1,0
BRDA:1141,9,0,0
BRDA:1141,9,1,0
BRDA:1141,10,0,0
BRDA:1141,10,1,0
BRDA:1142,11,0,0
BRDA:1142,11,1,0
BRDA:1232,12,0,0
BRDA:1232,12,1,0
BRDA:1259,13,0,0
BRDA:1259,13,1,0
BRDA:1264,14,0,0
BRDA:1264,14,1,0
BRDA:1283,15,0,0
BRDA:1283,15,1,0
BRDA:1297,16,0,0
BRDA:1297,16,1,0
BRDA:1320,17,0,0
BRDA:1320,17,1,0
BRDA:1348,18,0,0
BRDA:1348,18,1,0
BRDA:1420,19,0,0
BRDA:1420,19,1,0
BRDA:1423,20,0,0
BRDA:1423,20,1,0
BRDA:1444,21,0,0
BRDA:1444,21,1,0
BRDA:1444,22,0,0
BRDA:1444,22,1,0
BRDA:1465,23,0,0
BRDA:1465,23,1,0
BRDA:1467,24,0,0
BRDA:1467,24,1,0
BRDA:1498,25,0,0
BRDA:1498,25,1,0
BRDA:1498,26,0,0
BRDA:1498,26,1,0
BRDA:1509,27,0,0
BRDA:1509,27,1,0
BRDA:1510,28,0,0
BRDA:1510,28,1,0
BRF:58
BRH:0
end_of_record
TN:
SF:backup/crud.ts
FN:28,createCrudOperations
FN:41,buildQueryConditions
FN:59,buildFindQuery
FN:68,applyQueryFilters
FN:78,applyOrdering
FN:87,applyPagination
FN:104,applyDistinct
FN:115,executeCountQuery
FN:131,processJsonUpdates
FN:172,getUpdateValidator
FN:193,(anonymous_10)
FN:206,(anonymous_11)
FN:279,(anonymous_12)
FN:311,(anonymous_13)
FN:333,(anonymous_14)
FN:402,(anonymous_15)
FN:413,(anonymous_16)
FN:436,(anonymous_17)
FN:506,(anonymous_18)
FN:576,(anonymous_19)
FN:664,(anonymous_20)
FN:778,(anonymous_21)
FNF:22
FNH:0
FNDA:0,createCrudOperations
FNDA:0,buildQueryConditions
FNDA:0,buildFindQuery
FNDA:0,applyQueryFilters
FNDA:0,applyOrdering
FNDA:0,applyPagination
FNDA:0,applyDistinct
FNDA:0,executeCountQuery
FNDA:0,processJsonUpdates
FNDA:0,getUpdateValidator
FNDA:0,(anonymous_10)
FNDA:0,(anonymous_11)
FNDA:0,(anonymous_12)
FNDA:0,(anonymous_13)
FNDA:0,(anonymous_14)
FNDA:0,(anonymous_15)
FNDA:0,(anonymous_16)
FNDA:0,(anonymous_17)
FNDA:0,(anonymous_18)
FNDA:0,(anonymous_19)
FNDA:0,(anonymous_20)
FNDA:0,(anonymous_21)
DA:38,0
DA:45,0
DA:46,0
DA:47,0
DA:48,0
DA:52,0
DA:53,0
DA:56,0
DA:60,0
DA:61,0
DA:65,0
DA:69,0
DA:70,0
DA:71,0
DA:75,0
DA:79,0
DA:80,0
DA:81,0
DA:82,0
DA:84,0
DA:91,0
DA:92,0
DA:94,0
DA:95,0
DA:96,0
DA:98,0
DA:101,0
DA:108,0
DA:109,0
DA:110,0
DA:112,0
DA:119,0
DA:121,0
DA:122,0
DA:127,0
DA:128,0
DA:136,0
DA:138,0
DA:139,0
DA:142,0
DA:152,0
DA:156,0
DA:161,0
DA:164,0
DA:169,0
DA:173,0
DA:179,0
DA:180,0
DA:187,0
DA:193,0
DA:194,0
DA:195,0
DA:197,0
DA:198,0
DA:199,0
DA:200,0
DA:203,0
DA:206,0
DA:210,0
DA:211,0
DA:212,0
DA:215,0
DA:217,0
DA:220,0
DA:221,0
DA:225,0
DA:226,0
DA:229,0
DA:230,0
DA:235,0
DA:238,0
DA:239,0
DA:242,0
DA:249,0
DA:253,0
DA:254,0
DA:259,0
DA:262,0
DA:268,0
DA:279,0
DA:283,0
DA:284,0
DA:285,0
DA:288,0
DA:290,0
DA:293,0
DA:294,0
DA:298,0
DA:299,0
DA:303,0
DA:304,0
DA:309,0
DA:311,0
DA:312,0
DA:314,0
DA:316,0
DA:322,0
DA:333,0
DA:337,0
DA:338,0
DA:339,0
DA:342,0
DA:344,0
DA:347,0
DA:348,0
DA:349,0
DA:353,0
DA:354,0
DA:358,0
DA:359,0
DA:363,0
DA:364,0
DA:369,0
DA:370,0
DA:373,0
DA:375,0
DA:376,0
DA:385,0
DA:391,0
DA:402,0
DA:405,0
DA:406,0
DA:407,0
DA:410,0
DA:413,0
DA:414,0
DA:415,0
DA:418,0
DA:421,0
DA:425,0
DA:426,0
DA:427,0
DA:428,0
DA:429,0
DA:430,0
DA:431,0
DA:434,0
DA:436,0
DA:437,0
DA:441,0
DA:442,0
DA:443,0
DA:444,0
DA:460,0
DA:462,0
DA:463,0
DA:472,0
DA:478,0
DA:506,0
DA:511,0
DA:512,0
DA:513,0
DA:516,0
DA:518,0
DA:519,0
DA:535,0
DA:536,0
DA:538,0
DA:539,0
DA:549,0
DA:554,0
DA:557,0
DA:559,0
DA:565,0
DA:576,0
DA:581,0
DA:587,0
DA:588,0
DA:595,0
DA:596,0
DA:597,0
DA:598,0
DA:610,0
DA:618,0
DA:619,0
DA:620,0
DA:622,0
DA:623,0
DA:631,0
DA:635,0
DA:636,0
DA:645,0
DA:647,0
DA:653,0
DA:664,0
DA:670,0
DA:671,0
DA:673,0
DA:674,0
DA:675,0
DA:686,0
DA:687,0
DA:693,0
DA:694,0
DA:705,0
DA:708,0
DA:710,0
DA:711,0
DA:716,0
DA:727,0
DA:731,0
DA:735,0
DA:736,0
DA:738,0
DA:739,0
DA:740,0
DA:743,0
DA:755,0
DA:759,0
DA:761,0
DA:767,0
DA:778,0
DA:782,0
DA:783,0
DA:784,0
DA:787,0
DA:789,0
DA:795,0
DA:797,0
DA:800,0
DA:802,0
DA:808,0
DA:811,0
DA:815,0
DA:816,0
DA:821,0
DA:824,0
DA:830,0
DA:841,0
LF:229
LH:0
BRDA:33,0,0,0
BRDA:34,1,0,0
BRDA:47,2,0,0
BRDA:47,2,1,0
BRDA:52,3,0,0
BRDA:52,3,1,0
BRDA:52,4,0,0
BRDA:52,4,1,0
BRDA:61,5,0,0
BRDA:61,5,1,0
BRDA:70,6,0,0
BRDA:70,6,1,0
BRDA:72,7,0,0
BRDA:72,7,1,0
BRDA:81,8,0,0
BRDA:81,8,1,0
BRDA:91,9,0,0
BRDA:91,10,0,0
BRDA:94,11,0,0
BRDA:94,11,1,0
BRDA:94,12,0,0
BRDA:94,12,1,0
BRDA:109,13,0,0
BRDA:109,13,1,0
BRDA:121,14,0,0
BRDA:121,14,1,0
BRDA:123,15,0,0
BRDA:123,15,1,0
BRDA:128,16,0,0
BRDA:128,16,1,0
BRDA:142,17,0,0
BRDA:142,17,1,0
BRDA:143,18,0,0
BRDA:143,18,1,0
BRDA:143,18,2,0
BRDA:143,18,3,0
BRDA:143,18,4,0
BRDA:143,18,5,0
BRDA:143,18,6,0
BRDA:156,19,0,0
BRDA:156,19,1,0
BRDA:157,20,0,0
BRDA:157,20,1,0
BRDA:157,20,2,0
BRDA:179,21,0,0
BRDA:179,21,1,0
BRDA:194,22,0,0
BRDA:194,22,1,0
BRDA:194,23,0,0
BRDA:194,23,1,0
BRDA:199,24,0,0
BRDA:199,24,1,0
BRDA:208,25,0,0
BRDA:211,26,0,0
BRDA:211,26,1,0
BRDA:220,27,0,0
BRDA:220,27,1,0
BRDA:220,28,0,0
BRDA:220,28,1,0
BRDA:226,29,0,0
BRDA:226,29,1,0
BRDA:229,30,0,0
BRDA:229,30,1,0
BRDA:231,31,0,0
BRDA:231,31,1,0
BRDA:238,32,0,0
BRDA:238,32,1,0
BRDA:238,33,0,0
BRDA:238,33,1,0
BRDA:238,33,2,0
BRDA:253,34,0,0
BRDA:253,34,1,0
BRDA:254,35,0,0
BRDA:254,35,1,0
BRDA:255,36,0,0
BRDA:255,36,1,0
BRDA:281,37,0,0
BRDA:284,38,0,0
BRDA:284,38,1,0
BRDA:293,39,0,0
BRDA:293,39,1,0
BRDA:293,40,0,0
BRDA:293,40,1,0
BRDA:299,41,0,0
BRDA:299,41,1,0
BRDA:303,42,0,0
BRDA:303,42,1,0
BRDA:305,43,0,0
BRDA:305,43,1,0
BRDA:311,44,0,0
BRDA:311,44,1,0
BRDA:318,45,0,0
BRDA:318,45,1,0
BRDA:325,46,0,0
BRDA:325,46,1,0
BRDA:335,47,0,0
BRDA:338,48,0,0
BRDA:338,48,1,0
BRDA:348,49,0,0
BRDA:348,49,1,0
BRDA:353,50,0,0
BRDA:353,50,1,0
BRDA:353,51,0,0
BRDA:353,51,1,0
BRDA:359,52,0,0
BRDA:359,52,1,0
BRDA:363,53,0,0
BRDA:363,53,1,0
BRDA:365,54,0,0
BRDA:365,54,1,0
BRDA:370,55,0,0
BRDA:370,55,1,0
BRDA:373,56,0,0
BRDA:373,56,1,0
BRDA:375,57,0,0
BRDA:375,57,1,0
BRDA:375,58,0,0
BRDA:375,58,1,0
BRDA:375,58,2,0
BRDA:387,59,0,0
BRDA:387,59,1,0
BRDA:394,60,0,0
BRDA:394,60,1,0
BRDA:403,61,0,0
BRDA:406,62,0,0
BRDA:406,62,1,0
BRDA:410,63,0,0
BRDA:415,64,0,0
BRDA:415,64,1,0
BRDA:418,65,0,0
BRDA:418,65,1,0
BRDA:436,66,0,0
BRDA:436,66,1,0
BRDA:441,67,0,0
BRDA:441,67,1,0
BRDA:441,68,0,0
BRDA:441,68,1,0
BRDA:462,69,0,0
BRDA:462,69,1,0
BRDA:474,70,0,0
BRDA:474,70,1,0
BRDA:481,71,0,0
BRDA:481,71,1,0
BRDA:509,72,0,0
BRDA:512,73,0,0
BRDA:512,73,1,0
BRDA:518,74,0,0
BRDA:518,74,1,0
BRDA:536,75,0,0
BRDA:536,75,1,0
BRDA:538,76,0,0
BRDA:538,76,1,0
BRDA:554,77,0,0
BRDA:554,77,1,0
BRDA:561,78,0,0
BRDA:561,78,1,0
BRDA:568,79,0,0
BRDA:568,79,1,0
BRDA:578,80,0,0
BRDA:587,81,0,0
BRDA:587,81,1,0
BRDA:596,82,0,0
BRDA:596,82,1,0
BRDA:619,83,0,0
BRDA:619,83,1,0
BRDA:623,84,0,0
BRDA:623,84,1,0
BRDA:631,85,0,0
BRDA:631,85,1,0
BRDA:635,86,0,0
BRDA:635,86,1,0
BRDA:649,87,0,0
BRDA:649,87,1,0
BRDA:656,88,0,0
BRDA:656,88,1,0
BRDA:667,89,0,0
BRDA:673,90,0,0
BRDA:673,90,1,0
BRDA:693,91,0,0
BRDA:693,91,1,0
BRDA:693,92,0,0
BRDA:693,92,1,0
BRDA:710,93,0,0
BRDA:710,93,1,0
BRDA:727,94,0,0
BRDA:727,94,1,0
BRDA:728,95,0,0
BRDA:728,95,1,0
BRDA:739,96,0,0
BRDA:739,96,1,0
BRDA:743,97,0,0
BRDA:743,97,1,0
BRDA:755,98,0,0
BRDA:755,98,1,0
BRDA:763,99,0,0
BRDA:763,99,1,0
BRDA:770,100,0,0
BRDA:770,100,1,0
BRDA:780,101,0,0
BRDA:783,102,0,0
BRDA:783,102,1,0
BRDA:795,103,0,0
BRDA:795,103,1,0
BRDA:795,104,0,0
BRDA:795,104,1,0
BRDA:800,105,0,0
BRDA:800,105,1,0
BRDA:815,106,0,0
BRDA:815,106,1,0
BRDA:816,107,0,0
BRDA:816,107,1,0
BRDA:817,108,0,0
BRDA:817,108,1,0
BRF:213
BRH:0
end_of_record
TN:
SF:backup/filter-system.test-20251028-orm-filters.ts
FN:12,(anonymous_0)
FN:16,(anonymous_1)
FN:72,(anonymous_2)
FN:75,(anonymous_3)
FN:79,(anonymous_4)
FN:80,(anonymous_5)
FN:86,(anonymous_6)
FN:89,(anonymous_7)
FN:95,(anonymous_8)
FN:98,(anonymous_9)
FN:108,(anonymous_10)
FN:121,(anonymous_11)
FN:131,(anonymous_12)
FN:141,(anonymous_13)
FN:147,(anonymous_14)
FN:150,(anonymous_15)
FN:157,(anonymous_16)
FN:161,(anonymous_17)
FN:168,(anonymous_18)
FN:172,(anonymous_19)
FN:179,(anonymous_20)
FN:183,(anonymous_21)
FN:189,(anonymous_22)
FN:192,(anonymous_23)
FN:200,(anonymous_24)
FN:216,(anonymous_25)
FN:220,(anonymous_26)
FN:224,(anonymous_27)
FN:229,(anonymous_28)
FN:230,(anonymous_29)
FN:244,(anonymous_30)
FN:248,(anonymous_31)
FN:262,(anonymous_32)
FN:266,(anonymous_33)
FN:286,(anonymous_34)
FN:292,(anonymous_35)
FN:322,(anonymous_36)
FN:348,(anonymous_37)
FN:349,(anonymous_38)
FN:359,(anonymous_39)
FN:365,(anonymous_40)
FN:372,(anonymous_41)
FN:376,(anonymous_42)
FN:393,(anonymous_43)
FN:394,(anonymous_44)
FN:402,(anonymous_45)
FN:409,(anonymous_46)
FN:416,(anonymous_47)
FN:425,(anonymous_48)
FN:426,(anonymous_49)
FN:430,(anonymous_50)
FN:460,(anonymous_51)
FN:498,(anonymous_52)
FN:499,(anonymous_53)
FN:509,(anonymous_54)
FN:520,(anonymous_55)
FNF:56
FNH:0
FNDA:0,(anonymous_0)
FNDA:0,(anonymous_1)
FNDA:0,(anonymous_2)
FNDA:0,(anonymous_3)
FNDA:0,(anonymous_4)
FNDA:0,(anonymous_5)
FNDA:0,(anonymous_6)
FNDA:0,(anonymous_7)
FNDA:0,(anonymous_8)
FNDA:0,(anonymous_9)
FNDA:0,(anonymous_10)
FNDA:0,(anonymous_11)
FNDA:0,(anonymous_12)
FNDA:0,(anonymous_13)
FNDA:0,(anonymous_14)
FNDA:0,(anonymous_15)
FNDA:0,(anonymous_16)
FNDA:0,(anonymous_17)
FNDA:0,(anonymous_18)
FNDA:0,(anonymous_19)
FNDA:0,(anonymous_20)
FNDA:0,(anonymous_21)
FNDA:0,(anonymous_22)
FNDA:0,(anonymous_23)
FNDA:0,(anonymous_24)
FNDA:0,(anonymous_25)
FNDA:0,(anonymous_26)
FNDA:0,(anonymous_27)
FNDA:0,(anonymous_28)
FNDA:0,(anonymous_29)
FNDA:0,(anonymous_30)
FNDA:0,(anonymous_31)
FNDA:0,(anonymous_32)
FNDA:0,(anonymous_33)
FNDA:0,(anonymous_34)
FNDA:0,(anonymous_35)
FNDA:0,(anonymous_36)
FNDA:0,(anonymous_37)
FNDA:0,(anonymous_38)
FNDA:0,(anonymous_39)
FNDA:0,(anonymous_40)
FNDA:0,(anonymous_41)
FNDA:0,(anonymous_42)
FNDA:0,(anonymous_43)
FNDA:0,(anonymous_44)
FNDA:0,(anonymous_45)
FNDA:0,(anonymous_46)
FNDA:0,(anonymous_47)
FNDA:0,(anonymous_48)
FNDA:0,(anonymous_49)
FNDA:0,(anonymous_50)
FNDA:0,(anonymous_51)
FNDA:0,(anonymous_52)
FNDA:0,(anonymous_53)
FNDA:0,(anonymous_54)
FNDA:0,(anonymous_55)
DA:12,0
DA:14,0
DA:16,0
DA:17,0
DA:18,0
DA:25,0
DA:72,0
DA:75,0
DA:76,0
DA:79,0
DA:80,0
DA:81,0
DA:85,0
DA:86,0
DA:89,0
DA:90,0
DA:94,0
DA:95,0
DA:98,0
DA:99,0
DA:105,0
DA:108,0
DA:109,0
DA:118,0
DA:121,0
DA:122,0
DA:128,0
DA:131,0
DA:132,0
DA:138,0
DA:141,0
DA:142,0
DA:146,0
DA:147,0
DA:150,0
DA:151,0
DA:155,0
DA:156,0
DA:157,0
DA:161,0
DA:162,0
DA:166,0
DA:167,0
DA:168,0
DA:172,0
DA:173,0
DA:177,0
DA:178,0
DA:179,0
DA:183,0
DA:184,0
DA:188,0
DA:189,0
DA:192,0
DA:193,0
DA:197,0
DA:200,0
DA:201,0
DA:202,0
DA:203,0
DA:205,0
DA:211,0
DA:216,0
DA:220,0
DA:224,0
DA:229,0
DA:230,0
DA:231,0
DA:242,0
DA:243,0
DA:244,0
DA:248,0
DA:249,0
DA:260,0
DA:261,0
DA:262,0
DA:266,0
DA:267,0
DA:283,0
DA:284,0
DA:287,0
DA:292,0
DA:293,0
DA:319,0
DA:322,0
DA:323,0
DA:344,0
DA:348,0
DA:349,0
DA:350,0
DA:356,0
DA:357,0
DA:360,0
DA:365,0
DA:366,0
DA:370,0
DA:371,0
DA:372,0
DA:376,0
DA:377,0
DA:389,0
DA:393,0
DA:394,0
DA:395,0
DA:398,0
DA:399,0
DA:402,0
DA:403,0
DA:406,0
DA:409,0
DA:410,0
DA:413,0
DA:416,0
DA:417,0
DA:420,0
DA:421,0
DA:425,0
DA:426,0
DA:427,0
DA:430,0
DA:431,0
DA:439,0
DA:441,0
DA:443,0
DA:454,0
DA:456,0
DA:457,0
DA:460,0
DA:461,0
DA:463,0
DA:491,0
DA:493,0
DA:494,0
DA:498,0
DA:499,0
DA:500,0
DA:506,0
DA:509,0
DA:510,0
DA:515,0
DA:516,0
DA:517,0
DA:520,0
DA:521,0
DA:535,0
DA:536,0
LF:146
LH:0
BRDA:262,0,0,0
BRDA:262,0,1,0
BRDA:287,1,0,0
BRDA:287,1,1,0
BRDA:360,2,0,0
BRDA:360,2,1,0
BRDA:372,3,0,0
BRDA:372,3,1,0
BRDA:434,4,0,0
BRDA:434,4,1,0
BRDA:435,5,0,0
BRDA:435,5,1,0
BRDA:435,6,0,0
BRDA:435,6,1,0
BRF:14
BRH:0
end_of_record
TN:
SF:backup/filters-20251028-orm-filters.ts
FN:28,buildFilterCondition
FN:50,(anonymous_1)
FN:51,(anonymous_2)
FN:58,(anonymous_3)
FN:59,(anonymous_4)
FN:91,(anonymous_5)
FN:92,(anonymous_6)
FN:94,(anonymous_7)
FN:96,(anonymous_8)
FN:98,(anonymous_9)
FN:99,(anonymous_10)
FN:101,(anonymous_11)
FN:102,(anonymous_12)
FN:110,(anonymous_13)
FN:111,(anonymous_14)
FN:112,(anonymous_15)
FN:113,(anonymous_16)
FN:114,(anonymous_17)
FN:136,buildWhereClause
FN:146,(anonymous_19)
FN:147,(anonymous_20)
FN:155,buildOrderClause
FN:167,(anonymous_22)
FN:189,detectJsonColumns
FN:243,processJsonColumns
FNF:25
FNH:0
FNDA:0,buildFilterCondition
FNDA:0,(anonymous_1)
FNDA:0,(anonymous_2)
FNDA:0,(anonymous_3)
FNDA:0,(anonymous_4)
FNDA:0,(anonymous_5)
FNDA:0,(anonymous_6)
FNDA:0,(anonymous_7)
FNDA:0,(anonymous_8)
FNDA:0,(anonymous_9)
FNDA:0,(anonymous_10)
FNDA:0,(anonymous_11)
FNDA:0,(anonymous_12)
FNDA:0,(anonymous_13)
FNDA:0,(anonymous_14)
FNDA:0,(anonymous_15)
FNDA:0,(anonymous_16)
FNDA:0,(anonymous_17)
FNDA:0,buildWhereClause
FNDA:0,(anonymous_19)
FNDA:0,(anonymous_20)
FNDA:0,buildOrderClause
FNDA:0,(anonymous_22)
FNDA:0,detectJsonColumns
FNDA:0,processJsonColumns
DA:34,0
DA:36,0
DA:37,0
DA:38,0
DA:39,0
DA:44,0
DA:48,0
DA:49,0
DA:50,0
DA:51,0
DA:52,0
DA:56,0
DA:57,0
DA:58,0
DA:59,0
DA:60,0
DA:64,0
DA:80,0
DA:82,0
DA:85,0
DA:86,0
DA:90,0
DA:91,0
DA:93,0
DA:95,0
DA:97,0
DA:98,0
DA:100,0
DA:101,0
DA:104,0
DA:106,0
DA:108,0
DA:110,0
DA:111,0
DA:112,0
DA:113,0
DA:115,0
DA:121,0
DA:122,0
DA:123,0
DA:124,0
DA:125,0
DA:130,0
DA:141,0
DA:142,0
DA:145,0
DA:146,0
DA:147,0
DA:149,0
DA:159,0
DA:161,0
DA:162,0
DA:164,0
DA:167,0
DA:169,0
DA:170,0
DA:174,0
DA:175,0
DA:178,0
DA:179,0
DA:182,0
DA:194,0
DA:195,0
DA:197,0
DA:198,0
DA:199,0
DA:203,0
DA:207,0
DA:208,0
DA:212,0
DA:213,0
DA:214,0
DA:215,0
DA:216,0
DA:217,0
DA:218,0
DA:220,0
DA:221,0
DA:222,0
DA:227,0
DA:228,0
DA:233,0
DA:237,0
DA:250,0
DA:251,0
DA:253,0
DA:254,0
DA:255,0
DA:257,0
DA:261,0
DA:263,0
DA:268,0
DA:269,0
DA:277,0
LF:94
LH:0
BRDA:31,0,0,0
BRDA:34,1,0,0
BRDA:34,1,1,0
BRDA:36,2,0,0
BRDA:36,2,1,0
BRDA:38,3,0,0
BRDA:38,3,1,0
BRDA:38,4,0,0
BRDA:38,4,1,0
BRDA:48,5,0,0
BRDA:48,5,1,0
BRDA:52,6,0,0
BRDA:52,6,1,0
BRDA:56,7,0,0
BRDA:56,7,1,0
BRDA:60,8,0,0
BRDA:60,8,1,0
BRDA:85,9,0,0
BRDA:85,9,1,0
BRDA:91,10,0,0
BRDA:91,10,1,0
BRDA:93,11,0,0
BRDA:93,11,1,0
BRDA:95,12,0,0
BRDA:95,12,1,0
BRDA:97,13,0,0
BRDA:97,13,1,0
BRDA:98,14,0,0
BRDA:98,14,1,0
BRDA:100,15,0,0
BRDA:100,15,1,0
BRDA:101,16,0,0
BRDA:101,16,1,0
BRDA:104,17,0,0
BRDA:104,17,1,0
BRDA:104,18,0,0
BRDA:104,18,1,0
BRDA:108,19,0,0
BRDA:108,19,1,0
BRDA:110,20,0,0
BRDA:110,20,1,0
BRDA:111,21,0,0
BRDA:111,21,1,0
BRDA:112,22,0,0
BRDA:112,22,1,0
BRDA:113,23,0,0
BRDA:113,23,1,0
BRDA:115,24,0,0
BRDA:115,24,1,0
BRDA:122,25,0,0
BRDA:122,25,1,0
BRDA:124,26,0,0
BRDA:124,26,1,0
BRDA:139,27,0,0
BRDA:141,28,0,0
BRDA:141,28,1,0
BRDA:149,29,0,0
BRDA:149,29,1,0
BRDA:159,30,0,0
BRDA:159,30,1,0
BRDA:159,31,0,0
BRDA:159,31,1,0
BRDA:161,32,0,0
BRDA:161,32,1,0
BRDA:169,33,0,0
BRDA:169,33,1,0
BRDA:178,34,0,0
BRDA:178,34,1,0
BRDA:182,35,0,0
BRDA:182,35,1,0
BRDA:191,36,0,0
BRDA:192,37,0,0
BRDA:198,38,0,0
BRDA:198,38,1,0
BRDA:198,39,0,0
BRDA:198,39,1,0
BRDA:203,40,0,0
BRDA:203,40,1,0
BRDA:204,41,0,0
BRDA:204,41,1,0
BRDA:212,42,0,0
BRDA:212,42,1,0
BRDA:212,43,0,0
BRDA:212,43,1,0
BRDA:216,44,0,0
BRDA:216,44,1,0
BRDA:216,45,0,0
BRDA:216,45,1,0
BRDA:220,46,0,0
BRDA:220,46,1,0
BRDA:220,47,0,0
BRDA:220,47,1,0
BRDA:228,48,0,0
BRDA:228,48,1,0
BRDA:229,49,0,0
BRDA:229,49,1,0
BRDA:229,49,2,0
BRDA:247,50,0,0
BRDA:248,51,0,0
BRDA:254,52,0,0
BRDA:254,52,1,0
BRDA:254,53,0,0
BRDA:254,53,1,0
BRDA:255,54,0,0
BRDA:255,54,1,0
BRDA:257,55,0,0
BRDA:257,55,1,0
BRDA:258,56,0,0
BRDA:258,56,1,0
BRDA:263,57,0,0
BRDA:263,57,1,0
BRDA:264,58,0,0
BRDA:264,58,1,0
BRF:113
BRH:0
end_of_record
TN:
SF:backup/find-20251028-actions-filters.ts
FN:7,(anonymous_0)
FN:13,(anonymous_1)
FN:59,(anonymous_2)
FN:65,(anonymous_3)
FN:111,(anonymous_4)
FN:117,(anonymous_5)
FN:122,(anonymous_6)
FN:158,(anonymous_7)
FN:164,(anonymous_8)
FN:169,(anonymous_9)
FN:178,(anonymous_10)
FNF:11
FNH:0
FNDA:0,(anonymous_0)
FNDA:0,(anonymous_1)
FNDA:0,(anonymous_2)
FNDA:0,(anonymous_3)
FNDA:0,(anonymous_4)
FNDA:0,(anonymous_5)
FNDA:0,(anonymous_6)
FNDA:0,(anonymous_7)
FNDA:0,(anonymous_8)
FNDA:0,(anonymous_9)
FNDA:0,(anonymous_10)
DA:7,0
DA:13,0
DA:14,0
DA:16,0
DA:17,0
DA:23,0
DA:26,0
DA:28,0
DA:29,0
DA:35,0
DA:40,0
DA:43,0
DA:56,0
DA:59,0
DA:65,0
DA:66,0
DA:68,0
DA:69,0
DA:75,0
DA:78,0
DA:80,0
DA:81,0
DA:87,0
DA:92,0
DA:95,0
DA:108,0
DA:111,0
DA:117,0
DA:118,0
DA:121,0
DA:122,0
DA:128,0
DA:130,0
DA:131,0
DA:137,0
DA:139,0
DA:142,0
DA:155,0
DA:158,0
DA:164,0
DA:165,0
DA:168,0
DA:169,0
DA:175,0
DA:178,0
DA:185,0
DA:186,0
DA:192,0
DA:194,0
DA:197,0
DA:213,0
LF:51
LH:0
BRDA:16,0,0,0
BRDA:16,0,1,0
BRDA:28,1,0,0
BRDA:28,1,1,0
BRDA:32,2,0,0
BRDA:32,2,1,0
BRDA:68,3,0,0
BRDA:68,3,1,0
BRDA:68,4,0,0
BRDA:68,4,1,0
BRDA:68,5,0,0
BRDA:68,5,1,0
BRDA:80,6,0,0
BRDA:80,6,1,0
BRDA:84,7,0,0
BRDA:84,7,1,0
BRDA:121,8,0,0
BRDA:121,8,1,0
BRDA:130,9,0,0
BRDA:130,9,1,0
BRDA:134,10,0,0
BRDA:134,10,1,0
BRDA:168,11,0,0
BRDA:168,11,1,0
BRDA:185,12,0,0
BRDA:185,12,1,0
BRDA:189,13,0,0
BRDA:189,13,1,0
BRF:28
BRH:0
end_of_record
TN:
SF:backup/hooks-action-hooks.ts
FN:13,executeActionHook
FNF:1
FNH:0
FNDA:0,executeActionHook
DA:11,0
DA:19,0
DA:20,0
DA:23,0
DA:24,0
DA:27,0
DA:34,0
DA:35,0
DA:40,0
DA:43,0
DA:45,0
DA:51,0
DA:55,0
DA:56,0
DA:61,0
LF:15
LH:0
BRDA:19,0,0,0
BRDA:19,0,1,0
BRDA:27,1,0,0
BRDA:27,1,1,0
BRDA:28,2,0,0
BRDA:28,2,1,0
BRDA:28,2,2,0
BRDA:28,2,3,0
BRDA:28,2,4,0
BRDA:45,3,0,0
BRDA:45,3,1,0
BRDA:46,4,0,0
BRDA:46,4,1,0
BRDA:46,4,2,0
BRDA:46,4,3,0
BRDA:55,5,0,0
BRDA:55,5,1,0
BRF:17
BRH:0
end_of_record
TN:
SF:backup/interfaces-rpc-action-utils.ts
FN:12,(anonymous_0)
FN:30,(anonymous_1)
FN:48,(anonymous_2)
FN:83,(anonymous_3)
FN:91,(anonymous_4)
FNF:5
FNH:0
FNDA:0,(anonymous_0)
FNDA:0,(anonymous_1)
FNDA:0,(anonymous_2)
FNDA:0,(anonymous_3)
FNDA:0,(anonymous_4)
DA:10,0
DA:12,0
DA:17,0
DA:23,0
DA:24,0
DA:27,0
DA:30,0
DA:35,0
DA:41,0
DA:42,0
DA:45,0
DA:48,0
DA:67,0
DA:69,0
DA:70,0
DA:74,0
DA:81,0
DA:82,0
DA:83,0
DA:86,0
DA:87,0
DA:91,0
DA:95,0
DA:103,0
DA:107,0
DA:121,0
DA:123,0
DA:124,0
DA:131,0
LF:29
LH:0
BRDA:23,0,0,0
BRDA:23,0,1,0
BRDA:41,1,0,0
BRDA:41,1,1,0
BRDA:63,2,0,0
BRDA:64,3,0,0
BRDA:69,4,0,0
BRDA:69,4,1,0
BRDA:86,5,0,0
BRDA:86,5,1,0
BRDA:103,6,0,0
BRDA:103,6,1,0
BRDA:103,7,0,0
BRDA:103,7,1,0
BRDA:113,8,0,0
BRDA:113,8,1,0
BRDA:114,9,0,0
BRDA:114,9,1,0
BRDA:123,10,0,0
BRDA:123,10,1,0
BRF:20
BRH:0
end_of_record
TN:
SF:backup/interfaces-rpc-rpc-auth-handler.ts
FN:24,(anonymous_0)
FN:58,extractAuthClaims
FN:71,(anonymous_2)
FN:79,createRPCAuthHandler
FN:80,(anonymous_4)
FN:197,(anonymous_5)
FNF:6
FNH:0
FNDA:0,(anonymous_0)
FNDA:0,extractAuthClaims
FNDA:0,(anonymous_2)
FNDA:0,createRPCAuthHandler
FNDA:0,(anonymous_4)
FNDA:0,(anonymous_5)
DA:11,0
DA:24,0
DA:29,0
DA:31,0
DA:32,0
DA:39,0
DA:41,0
DA:43,0
DA:46,0
DA:49,0
DA:50,0
DA:54,0
DA:62,0
DA:63,0
DA:66,0
DA:67,0
DA:68,0
DA:71,0
DA:72,0
DA:73,0
DA:76,0
DA:80,0
DA:81,0
DA:87,0
DA:89,0
DA:90,0
DA:92,0
DA:94,0
DA:98,0
DA:99,0
DA:105,0
DA:112,0
DA:114,0
DA:135,0
DA:137,0
DA:141,0
DA:142,0
DA:148,0
DA:154,0
DA:173,0
DA:174,0
DA:179,0
DA:185,0
DA:186,0
DA:187,0
DA:191,0
DA:197,0
DA:198,0
DA:199,0
DA:204,0
DA:207,0
DA:208,0
DA:212,0
DA:215,0
DA:217,0
DA:219,0
LF:56
LH:0
BRDA:31,0,0,0
BRDA:31,0,1,0
BRDA:32,1,0,0
BRDA:32,1,1,0
BRDA:37,2,0,0
BRDA:38,3,0,0
BRDA:41,4,0,0
BRDA:41,4,1,0
BRDA:41,4,2,0
BRDA:41,4,3,0
BRDA:43,5,0,0
BRDA:43,5,1,0
BRDA:46,6,0,0
BRDA:46,6,1,0
BRDA:50,7,0,0
BRDA:50,7,1,0
BRDA:62,8,0,0
BRDA:62,8,1,0
BRDA:62,9,0,0
BRDA:62,9,1,0
BRDA:66,10,0,0
BRDA:66,10,1,0
BRDA:67,11,0,0
BRDA:67,11,1,0
BRDA:72,12,0,0
BRDA:72,12,1,0
BRDA:72,13,0,0
BRDA:72,13,1,0
BRDA:83,14,0,0
BRDA:92,15,0,0
BRDA:92,15,1,0
BRDA:94,16,0,0
BRDA:94,16,1,0
BRDA:94,16,2,0
BRDA:98,17,0,0
BRDA:98,17,1,0
BRDA:112,18,0,0
BRDA:112,18,1,0
BRDA:112,18,2,0
BRDA:135,19,0,0
BRDA:135,19,1,0
BRDA:137,20,0,0
BRDA:137,20,1,0
BRDA:137,20,2,0
BRDA:141,21,0,0
BRDA:141,21,1,0
BRDA:173,22,0,0
BRDA:173,22,1,0
BRDA:185,23,0,0
BRDA:185,23,1,0
BRDA:186,24,0,0
BRDA:186,24,1,0
BRDA:198,25,0,0
BRDA:198,25,1,0
BRDA:207,26,0,0
BRDA:207,26,1,0
BRDA:215,27,0,0
BRDA:215,27,1,0
BRDA:215,27,2,0
BRDA:217,28,0,0
BRDA:217,28,1,0
BRF:61
BRH:0
end_of_record
TN:
SF:backup/orm-utils-20251028-security-hardening.ts
FN:10,createUtilityOperations
FN:19,buildCountConditions
FN:41,buildCountQuery
FN:51,isNotFoundError
FN:58,(anonymous_4)
FN:97,(anonymous_5)
FN:128,(anonymous_6)
FN:166,(anonymous_7)
FN:196,(anonymous_8)
FNF:9
FNH:0
FNDA:0,createUtilityOperations
FNDA:0,buildCountConditions
FNDA:0,buildCountQuery
FNDA:0,isNotFoundError
FNDA:0,(anonymous_4)
FNDA:0,(anonymous_5)
FNDA:0,(anonymous_6)
FNDA:0,(anonymous_7)
FNDA:0,(anonymous_8)
DA:17,0
DA:23,0
DA:26,0
DA:27,0
DA:28,0
DA:29,0
DA:34,0
DA:35,0
DA:38,0
DA:42,0
DA:43,0
DA:44,0
DA:48,0
DA:52,0
DA:58,0
DA:62,0
DA:63,0
DA:64,0
DA:67,0
DA:68,0
DA:69,0
DA:70,0
DA:71,0
DA:74,0
DA:76,0
DA:77,0
DA:80,0
DA:86,0
DA:97,0
DA:101,0
DA:102,0
DA:103,0
DA:104,0
DA:109,0
DA:111,0
DA:117,0
DA:128,0
DA:133,0
DA:134,0
DA:135,0
DA:138,0
DA:140,0
DA:143,0
DA:144,0
DA:145,0
DA:146,0
DA:151,0
DA:152,0
DA:155,0
DA:159,0
DA:160,0
DA:165,0
DA:166,0
DA:168,0
DA:174,0
DA:196,0
DA:197,0
DA:199,0
DA:200,0
DA:203,0
DA:205,0
DA:206,0
DA:207,0
DA:210,0
DA:211,0
DA:214,0
DA:217,0
DA:218,0
DA:219,0
DA:221,0
DA:227,0
DA:238,0
DA:242,0
LF:73
LH:0
BRDA:14,0,0,0
BRDA:26,1,0,0
BRDA:26,1,1,0
BRDA:26,2,0,0
BRDA:26,2,1,0
BRDA:28,3,0,0
BRDA:28,3,1,0
BRDA:34,4,0,0
BRDA:34,4,1,0
BRDA:34,5,0,0
BRDA:34,5,1,0
BRDA:43,6,0,0
BRDA:43,6,1,0
BRDA:45,7,0,0
BRDA:45,7,1,0
BRDA:53,8,0,0
BRDA:53,8,1,0
BRDA:60,9,0,0
BRDA:63,10,0,0
BRDA:63,10,1,0
BRDA:71,11,0,0
BRDA:71,11,1,0
BRDA:74,12,0,0
BRDA:74,12,1,0
BRDA:76,13,0,0
BRDA:76,13,1,0
BRDA:99,14,0,0
BRDA:103,15,0,0
BRDA:103,15,1,0
BRDA:109,16,0,0
BRDA:109,16,1,0
BRDA:113,17,0,0
BRDA:113,17,1,0
BRDA:120,18,0,0
BRDA:120,18,1,0
BRDA:131,19,0,0
BRDA:134,20,0,0
BRDA:134,20,1,0
BRDA:143,21,0,0
BRDA:143,21,1,0
BRDA:143,22,0,0
BRDA:143,22,1,0
BRDA:145,23,0,0
BRDA:145,23,1,0
BRDA:151,24,0,0
BRDA:151,24,1,0
BRDA:151,25,0,0
BRDA:151,25,1,0
BRDA:159,26,0,0
BRDA:159,26,1,0
BRDA:161,27,0,0
BRDA:161,27,1,0
BRDA:170,28,0,0
BRDA:170,28,1,0
BRDA:177,29,0,0
BRDA:177,29,1,0
BRDA:203,30,0,0
BRDA:203,30,1,0
BRDA:205,31,0,0
BRDA:205,31,1,0
BRDA:207,32,0,0
BRDA:207,32,1,0
BRDA:211,33,0,0
BRDA:211,33,1,0
BRDA:213,34,0,0
BRDA:213,34,1,0
BRDA:218,35,0,0
BRDA:218,35,1,0
BRDA:223,36,0,0
BRDA:223,36,1,0
BRDA:230,37,0,0
BRDA:230,37,1,0
BRF:72
BRH:0
end_of_record
TN:
SF:backup/unified-executor-20251028-080806.ts
FN:24,validateServerConfig
FN:97,handleAuthentication
FN:136,executeBeforeHook
FN:167,validatePayload
FN:182,executeAfterHook
FN:213,executeUnified
FN:229,(anonymous_6)
FN:240,(anonymous_7)
FNF:8
FNH:0
FNDA:0,validateServerConfig
FNDA:0,handleAuthentication
FNDA:0,executeBeforeHook
FNDA:0,validatePayload
FNDA:0,executeAfterHook
FNDA:0,executeUnified
FNDA:0,(anonymous_6)
FNDA:0,(anonymous_7)
DA:25,0
DA:26,0
DA:31,0
DA:32,0
DA:37,0
DA:38,0
DA:43,0
DA:44,0
DA:49,0
DA:50,0
DA:51,0
DA:56,0
DA:57,0
DA:62,0
DA:63,0
DA:64,0
DA:69,0
DA:70,0
DA:103,0
DA:104,0
DA:107,0
DA:108,0
DA:109,0
DA:114,0
DA:123,0
DA:124,0
DA:125,0
DA:132,0
DA:133,0
DA:142,0
DA:143,0
DA:146,0
DA:153,0
DA:154,0
DA:160,0
DA:161,0
DA:162,0
DA:163,0
DA:168,0
DA:169,0
DA:172,0
DA:173,0
DA:175,0
DA:176,0
DA:188,0
DA:189,0
DA:192,0
DA:199,0
DA:200,0
DA:206,0
DA:207,0
DA:208,0
DA:209,0
DA:223,0
DA:225,0
DA:227,0
DA:229,0
DA:230,0
DA:231,0
DA:240,0
DA:241,0
DA:242,0
DA:249,0
DA:250,0
DA:256,0
DA:257,0
DA:260,0
DA:261,0
DA:264,0
DA:265,0
DA:269,0
DA:277,0
DA:278,0
DA:279,0
DA:280,0
DA:286,0
DA:287,0
DA:290,0
DA:294,0
DA:300,0
DA:301,0
DA:302,0
DA:303,0
DA:309,0
DA:310,0
DA:313,0
DA:316,0
DA:318,0
DA:320,0
LF:89
LH:0
BRDA:25,0,0,0
BRDA:25,0,1,0
BRDA:31,1,0,0
BRDA:31,1,1,0
BRDA:37,2,0,0
BRDA:37,2,1,0
BRDA:43,3,0,0
BRDA:43,3,1,0
BRDA:50,4,0,0
BRDA:50,4,1,0
BRDA:56,5,0,0
BRDA:56,5,1,0
BRDA:56,6,0,0
BRDA:56,6,1,0
BRDA:63,7,0,0
BRDA:63,7,1,0
BRDA:69,8,0,0
BRDA:69,8,1,0
BRDA:69,9,0,0
BRDA:69,9,1,0
BRDA:103,10,0,0
BRDA:103,10,1,0
BRDA:108,11,0,0
BRDA:108,11,1,0
BRDA:118,12,0,0
BRDA:118,12,1,0
BRDA:124,13,0,0
BRDA:124,13,1,0
BRDA:126,14,0,0
BRDA:126,14,1,0
BRDA:142,15,0,0
BRDA:142,15,1,0
BRDA:153,16,0,0
BRDA:153,16,1,0
BRDA:156,17,0,0
BRDA:156,17,1,0
BRDA:160,18,0,0
BRDA:160,18,1,0
BRDA:168,19,0,0
BRDA:168,19,1,0
BRDA:175,20,0,0
BRDA:175,20,1,0
BRDA:188,21,0,0
BRDA:188,21,1,0
BRDA:199,22,0,0
BRDA:199,22,1,0
BRDA:202,23,0,0
BRDA:202,23,1,0
BRDA:206,24,0,0
BRDA:206,24,1,0
BRDA:230,25,0,0
BRDA:230,25,1,0
BRDA:241,26,0,0
BRDA:241,26,1,0
BRDA:256,27,0,0
BRDA:256,27,1,0
BRDA:270,28,0,0
BRDA:270,28,1,0
BRDA:278,29,0,0
BRDA:278,29,1,0
BRDA:278,30,0,0
BRDA:278,30,1,0
BRDA:286,31,0,0
BRDA:286,31,1,0
BRDA:301,32,0,0
BRDA:301,32,1,0
BRDA:301,33,0,0
BRDA:301,33,1,0
BRDA:309,34,0,0
BRDA:309,34,1,0
BRDA:321,35,0,0
BRDA:321,35,1,0
BRF:72
BRH:0
end_of_record
TN:
SF:backup/unified-executor-20251028.ts
FN:25,validateServerConfig
FN:98,handleAuthentication
FN:141,executeBeforeHook
FN:171,validatePayload
FN:186,executeAfterHook
FN:218,executeUnified
FN:234,(anonymous_6)
FN:247,(anonymous_7)
FNF:8
FNH:0
FNDA:0,validateServerConfig
FNDA:0,handleAuthentication
FNDA:0,executeBeforeHook
FNDA:0,validatePayload
FNDA:0,executeAfterHook
FNDA:0,executeUnified
FNDA:0,(anonymous_6)
FNDA:0,(anonymous_7)
DA:26,0
DA:27,0
DA:32,0
DA:33,0
DA:38,0
DA:39,0
DA:44,0
DA:45,0
DA:50,0
DA:51,0
DA:52,0
DA:57,0
DA:58,0
DA:63,0
DA:64,0
DA:65,0
DA:70,0
DA:71,0
DA:104,0
DA:105,0
DA:108,0
DA:109,0
DA:110,0
DA:115,0
DA:124,0
DA:125,0
DA:126,0
DA:132,0
DA:137,0
DA:138,0
DA:147,0
DA:148,0
DA:151,0
DA:157,0
DA:158,0
DA:164,0
DA:165,0
DA:166,0
DA:167,0
DA:172,0
DA:173,0
DA:176,0
DA:177,0
DA:179,0
DA:180,0
DA:193,0
DA:194,0
DA:197,0
DA:204,0
DA:205,0
DA:211,0
DA:212,0
DA:213,0
DA:214,0
DA:228,0
DA:230,0
DA:232,0
DA:234,0
DA:235,0
DA:236,0
DA:242,0
DA:247,0
DA:248,0
DA:249,0
DA:255,0
DA:262,0
DA:263,0
DA:269,0
DA:270,0
DA:273,0
DA:274,0
DA:277,0
DA:278,0
DA:282,0
DA:288,0
DA:296,0
DA:297,0
DA:298,0
DA:299,0
DA:305,0
DA:306,0
DA:309,0
DA:313,0
DA:319,0
DA:320,0
DA:321,0
DA:322,0
DA:328,0
DA:329,0
DA:332,0
DA:335,0
DA:343,0
DA:345,0
DA:351,0
LF:94
LH:0
BRDA:26,0,0,0
BRDA:26,0,1,0
BRDA:32,1,0,0
BRDA:32,1,1,0
BRDA:38,2,0,0
BRDA:38,2,1,0
BRDA:44,3,0,0
BRDA:44,3,1,0
BRDA:51,4,0,0
BRDA:51,4,1,0
BRDA:57,5,0,0
BRDA:57,5,1,0
BRDA:57,6,0,0
BRDA:57,6,1,0
BRDA:64,7,0,0
BRDA:64,7,1,0
BRDA:70,8,0,0
BRDA:70,8,1,0
BRDA:70,9,0,0
BRDA:70,9,1,0
BRDA:104,10,0,0
BRDA:104,10,1,0
BRDA:109,11,0,0
BRDA:109,11,1,0
BRDA:119,12,0,0
BRDA:119,12,1,0
BRDA:125,13,0,0
BRDA:125,13,1,0
BRDA:128,14,0,0
BRDA:128,14,1,0
BRDA:132,15,0,0
BRDA:132,15,1,0
BRDA:147,16,0,0
BRDA:147,16,1,0
BRDA:157,17,0,0
BRDA:157,17,1,0
BRDA:160,18,0,0
BRDA:160,18,1,0
BRDA:164,19,0,0
BRDA:164,19,1,0
BRDA:172,20,0,0
BRDA:172,20,1,0
BRDA:179,21,0,0
BRDA:179,21,1,0
BRDA:193,22,0,0
BRDA:193,22,1,0
BRDA:204,23,0,0
BRDA:204,23,1,0
BRDA:207,24,0,0
BRDA:207,24,1,0
BRDA:211,25,0,0
BRDA:211,25,1,0
BRDA:235,26,0,0
BRDA:235,26,1,0
BRDA:248,27,0,0
BRDA:248,27,1,0
BRDA:269,28,0,0
BRDA:269,28,1,0
BRDA:289,29,0,0
BRDA:289,29,1,0
BRDA:297,30,0,0
BRDA:297,30,1,0
BRDA:297,31,0,0
BRDA:297,31,1,0
BRDA:305,32,0,0
BRDA:305,32,1,0
BRDA:320,33,0,0
BRDA:320,33,1,0
BRDA:320,34,0,0
BRDA:320,34,1,0
BRDA:328,35,0,0
BRDA:328,35,1,0
BRDA:347,36,0,0
BRDA:347,36,1,0
BRDA:352,37,0,0
BRDA:352,37,1,0
BRF:76
BRH:0
end_of_record
TN:
SF:backup/unified-executor.ts
FN:23,validateServerConfig
FN:96,handleAuthentication
FN:135,executeBeforeHook
FN:159,validatePayload
FN:174,executeAfterHook
FN:198,executeUnified
FN:214,(anonymous_6)
FN:225,(anonymous_7)
FNF:8
FNH:0
FNDA:0,validateServerConfig
FNDA:0,handleAuthentication
FNDA:0,executeBeforeHook
FNDA:0,validatePayload
FNDA:0,executeAfterHook
FNDA:0,executeUnified
FNDA:0,(anonymous_6)
FNDA:0,(anonymous_7)
DA:24,0
DA:25,0
DA:30,0
DA:31,0
DA:36,0
DA:37,0
DA:42,0
DA:43,0
DA:48,0
DA:49,0
DA:50,0
DA:55,0
DA:56,0
DA:61,0
DA:62,0
DA:63,0
DA:68,0
DA:69,0
DA:102,0
DA:103,0
DA:106,0
DA:107,0
DA:108,0
DA:113,0
DA:122,0
DA:123,0
DA:124,0
DA:131,0
DA:132,0
DA:141,0
DA:142,0
DA:145,0
DA:152,0
DA:153,0
DA:154,0
DA:155,0
DA:160,0
DA:161,0
DA:164,0
DA:165,0
DA:167,0
DA:168,0
DA:180,0
DA:181,0
DA:184,0
DA:191,0
DA:192,0
DA:193,0
DA:194,0
DA:208,0
DA:210,0
DA:212,0
DA:214,0
DA:215,0
DA:216,0
DA:225,0
DA:226,0
DA:227,0
DA:234,0
DA:235,0
DA:241,0
DA:242,0
DA:245,0
DA:246,0
DA:249,0
DA:250,0
DA:254,0
DA:262,0
DA:263,0
DA:264,0
DA:265,0
DA:271,0
DA:272,0
DA:275,0
DA:279,0
DA:285,0
DA:286,0
DA:287,0
DA:288,0
DA:294,0
DA:295,0
DA:298,0
DA:301,0
DA:303,0
DA:305,0
LF:85
LH:0
BRDA:24,0,0,0
BRDA:24,0,1,0
BRDA:30,1,0,0
BRDA:30,1,1,0
BRDA:36,2,0,0
BRDA:36,2,1,0
BRDA:42,3,0,0
BRDA:42,3,1,0
BRDA:49,4,0,0
BRDA:49,4,1,0
BRDA:55,5,0,0
BRDA:55,5,1,0
BRDA:55,6,0,0
BRDA:55,6,1,0
BRDA:62,7,0,0
BRDA:62,7,1,0
BRDA:68,8,0,0
BRDA:68,8,1,0
BRDA:68,9,0,0
BRDA:68,9,1,0
BRDA:102,10,0,0
BRDA:102,10,1,0
BRDA:107,11,0,0
BRDA:107,11,1,0
BRDA:117,12,0,0
BRDA:117,12,1,0
BRDA:123,13,0,0
BRDA:123,13,1,0
BRDA:125,14,0,0
BRDA:125,14,1,0
BRDA:141,15,0,0
BRDA:141,15,1,0
BRDA:152,16,0,0
BRDA:152,16,1,0
BRDA:153,17,0,0
BRDA:153,17,1,0
BRDA:160,18,0,0
BRDA:160,18,1,0
BRDA:167,19,0,0
BRDA:167,19,1,0
BRDA:180,20,0,0
BRDA:180,20,1,0
BRDA:191,21,0,0
BRDA:191,21,1,0
BRDA:192,22,0,0
BRDA:192,22,1,0
BRDA:215,23,0,0
BRDA:215,23,1,0
BRDA:226,24,0,0
BRDA:226,24,1,0
BRDA:241,25,0,0
BRDA:241,25,1,0
BRDA:255,26,0,0
BRDA:255,26,1,0
BRDA:263,27,0,0
BRDA:263,27,1,0
BRDA:263,28,0,0
BRDA:263,28,1,0
BRDA:271,29,0,0
BRDA:271,29,1,0
BRDA:286,30,0,0
BRDA:286,30,1,0
BRDA:286,31,0,0
BRDA:286,31,1,0
BRDA:294,32,0,0
BRDA:294,32,1,0
BRDA:306,33,0,0
BRDA:306,33,1,0
BRF:68
BRH:0
end_of_record
TN:
SF:backup/utils-check-if-empty.ts
FN:12,(anonymous_0)
FNF:1
FNH:0
FNDA:0,(anonymous_0)
DA:10,0
DA:12,0
DA:16,0
DA:17,0
DA:18,0
DA:19,0
DA:21,0
DA:22,0
DA:27,0
DA:30,0
DA:31,0
DA:36,0
DA:38,0
LF:13
LH:0
BRDA:16,0,0,0
BRDA:16,0,1,0
BRDA:17,1,0,0
BRDA:17,1,1,0
BRDA:21,2,0,0
BRDA:21,2,1,0
BRDA:30,3,0,0
BRDA:30,3,1,0
BRF:8
BRH:0
end_of_record
TN:
SF:src/internal.config.ts
FN:7,(anonymous_0)
FNF:1
FNH:1
FNDA:42,(anonymous_0)
DA:7,13
DA:13,42
LF:2
LH:2
BRF:0
BRH:0
end_of_record
TN:
SF:src/core/actions-factory.ts
FN:28,(anonymous_0)
FNF:1
FNH:1
FNDA:6,(anonymous_0)
DA:28,3
DA:33,6
DA:34,6
DA:35,6
DA:36,6
DA:37,6
DA:39,6
DA:40,0
DA:43,0
DA:46,6
DA:52,6
DA:53,6
DA:55,6
DA:56,6
DA:57,6
DA:58,6
DA:60,6
DA:61,6
DA:63,6
DA:66,6
DA:70,6
DA:71,6
DA:73,6
DA:74,6
DA:76,6
DA:80,6
LF:26
LH:24
BRDA:39,0,0,0
BRDA:39,0,1,6
BRDA:39,1,0,6
BRDA:39,1,1,6
BRF:4
BRH:3
end_of_record
TN:
SF:src/core/auth-handler-resolver.ts
FN:16,resolveAuthHandler
FNF:1
FNH:1
FNDA:22,resolveAuthHandler
DA:17,22
DA:18,0
DA:21,22
DA:22,2
DA:25,20
DA:26,0
DA:27,0
DA:31,0
DA:34,20
DA:35,20
DA:36,0
DA:38,20
DA:39,20
DA:42,0
DA:43,0
DA:48,0
LF:16
LH:8
BRDA:17,0,0,0
BRDA:17,0,1,22
BRDA:21,1,0,2
BRDA:21,1,1,20
BRDA:25,2,0,0
BRDA:25,2,1,20
BRDA:26,3,0,0
BRDA:26,3,1,0
BRDA:34,4,0,20
BRDA:34,4,1,0
BRDA:35,5,0,0
BRDA:35,5,1,20
BRDA:38,6,0,20
BRDA:38,6,1,0
BRDA:42,7,0,0
BRDA:42,7,1,0
BRF:16
BRH:7
end_of_record
TN:
SF:src/core/auth-handlers.ts
FN:19,extractUserId
FN:23,extractOrganizationId
FN:33,createBetterAuthHandler
FN:36,(anonymous_3)
FN:112,extractTokenFromCookie
FN:116,extractTokenFromHeader
FN:143,extractTokenFromPayload
FN:147,extractOrgIdFromPayload
FN:156,extractToken
FN:173,validateJWTPayload
FN:194,createJWTHandler
FN:198,(anonymous_11)
FN:266,createAgentHandler
FN:267,(anonymous_13)
FNF:14
FNH:9
FNDA:11,extractUserId
FNDA:0,extractOrganizationId
FNDA:0,createBetterAuthHandler
FNDA:0,(anonymous_3)
FNDA:3,extractTokenFromCookie
FNDA:13,extractTokenFromHeader
FNDA:4,extractTokenFromPayload
FNDA:11,extractOrgIdFromPayload
FNDA:20,extractToken
FNDA:11,validateJWTPayload
FNDA:20,createJWTHandler
FNDA:20,(anonymous_11)
FNDA:0,createAgentHandler
FNDA:0,(anonymous_13)
DA:20,11
DA:24,0
DA:36,0
DA:37,0
DA:38,0
DA:39,0
DA:40,0
DA:46,0
DA:53,0
DA:55,0
DA:56,0
DA:62,0
DA:67,0
DA:68,0
DA:70,0
DA:71,0
DA:82,0
DA:89,0
DA:97,0
DA:103,0
DA:113,3
DA:119,13
DA:120,0
DA:123,13
DA:124,13
DA:125,2
DA:128,11
DA:129,1
DA:135,1
DA:140,10
DA:144,4
DA:148,11
DA:160,20
DA:161,3
DA:163,17
DA:164,13
DA:165,13
DA:166,1
DA:168,12
DA:170,4
DA:178,11
DA:179,2
DA:185,2
DA:191,9
DA:198,20
DA:199,20
DA:200,20
DA:202,20
DA:203,1
DA:206,19
DA:207,4
DA:213,4
DA:218,15
DA:220,11
DA:221,0
DA:227,0
DA:232,11
DA:233,11
DA:235,11
DA:240,11
DA:241,2
DA:244,9
DA:251,4
DA:257,4
DA:267,0
DA:268,0
DA:270,0
LF:67
LH:42
BRDA:20,0,0,11
BRDA:20,0,1,1
BRDA:20,0,2,1
BRDA:20,0,3,1
BRDA:25,1,0,0
BRDA:25,1,1,0
BRDA:25,1,2,0
BRDA:25,1,3,0
BRDA:25,1,4,0
BRDA:38,2,0,0
BRDA:38,2,1,0
BRDA:39,3,0,0
BRDA:39,3,1,0
BRDA:55,4,0,0
BRDA:55,4,1,0
BRDA:55,5,0,0
BRDA:55,5,1,0
BRDA:70,6,0,0
BRDA:70,6,1,0
BRDA:70,7,0,0
BRDA:70,7,1,0
BRDA:99,8,0,0
BRDA:99,8,1,0
BRDA:104,9,0,0
BRDA:104,9,1,0
BRDA:113,10,0,3
BRDA:113,10,1,1
BRDA:119,11,0,0
BRDA:119,11,1,13
BRDA:124,12,0,2
BRDA:124,12,1,11
BRDA:128,13,0,1
BRDA:128,13,1,10
BRDA:144,14,0,4
BRDA:144,14,1,1
BRDA:149,15,0,11
BRDA:149,15,1,1
BRDA:149,15,2,1
BRDA:149,15,3,1
BRDA:160,16,0,3
BRDA:160,16,1,17
BRDA:163,17,0,13
BRDA:163,17,1,4
BRDA:165,18,0,1
BRDA:165,18,1,12
BRDA:165,19,0,13
BRDA:165,19,1,11
BRDA:178,20,0,2
BRDA:178,20,1,9
BRDA:178,21,0,11
BRDA:178,21,1,10
BRDA:202,22,0,1
BRDA:202,22,1,19
BRDA:202,23,0,20
BRDA:202,23,1,16
BRDA:206,24,0,4
BRDA:206,24,1,15
BRDA:220,25,0,0
BRDA:220,25,1,11
BRDA:240,26,0,2
BRDA:240,26,1,9
BRDA:248,27,0,0
BRDA:248,27,1,9
BRDA:253,28,0,4
BRDA:253,28,1,0
BRDA:258,29,0,4
BRDA:258,29,1,0
BRF:67
BRH:41
end_of_record
TN:
SF:src/core/auth-utils.ts
FN:17,extractAuthToken
FN:55,authenticateWithJWT
FN:94,authenticate
FN:132,(anonymous_3)
FNF:4
FNH:0
FNDA:0,extractAuthToken
FNDA:0,authenticateWithJWT
FNDA:0,authenticate
FNDA:0,(anonymous_3)
DA:23,0
DA:24,0
DA:25,0
DA:32,0
DA:34,0
DA:36,0
DA:39,0
DA:40,0
DA:45,0
DA:48,0
DA:60,0
DA:61,0
DA:62,0
DA:63,0
DA:66,0
DA:67,0
DA:68,0
DA:71,0
DA:73,0
DA:74,0
DA:77,0
DA:83,0
DA:99,0
DA:100,0
DA:102,0
DA:103,0
DA:115,0
DA:116,0
DA:117,0
DA:118,0
DA:123,0
DA:132,0
DA:133,0
LF:33
LH:0
BRDA:23,0,0,0
BRDA:23,0,1,0
BRDA:25,1,0,0
BRDA:25,1,1,0
BRDA:30,2,0,0
BRDA:31,3,0,0
BRDA:34,4,0,0
BRDA:34,4,1,0
BRDA:34,4,2,0
BRDA:34,4,3,0
BRDA:36,5,0,0
BRDA:36,5,1,0
BRDA:40,6,0,0
BRDA:40,6,1,0
BRDA:45,7,0,0
BRDA:45,7,1,0
BRDA:62,8,0,0
BRDA:62,8,1,0
BRDA:66,9,0,0
BRDA:66,9,1,0
BRDA:67,10,0,0
BRDA:67,10,1,0
BRDA:73,11,0,0
BRDA:73,11,1,0
BRDA:80,12,0,0
BRDA:80,12,1,0
BRDA:85,13,0,0
BRDA:85,13,1,0
BRDA:102,14,0,0
BRDA:102,14,1,0
BRDA:102,15,0,0
BRDA:102,15,1,0
BRDA:115,16,0,0
BRDA:115,16,1,0
BRDA:115,17,0,0
BRDA:115,17,1,0
BRDA:117,18,0,0
BRDA:117,18,1,0
BRDA:134,19,0,0
BRDA:134,19,1,0
BRDA:134,19,2,0
BRF:41
BRH:0
end_of_record
TN:
SF:src/core/context.ts
FN:36,createNileContext
FN:47,(anonymous_1)
FN:51,(anonymous_2)
FN:55,(anonymous_3)
FN:59,(anonymous_4)
FNF:5
FNH:1
FNDA:54,createNileContext
FNDA:0,(anonymous_1)
FNDA:0,(anonymous_2)
FNDA:0,(anonymous_3)
FNDA:0,(anonymous_4)
DA:39,54
DA:41,54
DA:48,0
DA:52,0
DA:56,0
DA:62,0
DA:63,0
DA:65,0
DA:73,54
LF:9
LH:3
BRDA:62,0,0,0
BRDA:62,0,1,0
BRF:2
BRH:0
end_of_record
TN:
SF:src/core/hooks.ts
FN:14,(anonymous_0)
FN:21,(anonymous_1)
FN:29,(anonymous_2)
FN:101,(anonymous_3)
FN:131,(anonymous_4)
FNF:5
FNH:5
FNDA:60,(anonymous_0)
FNDA:98,(anonymous_1)
FNDA:98,(anonymous_2)
FNDA:51,(anonymous_3)
FNDA:57,(anonymous_4)
DA:14,6
DA:15,60
DA:17,60
DA:18,157
DA:21,60
DA:22,98
DA:23,4
DA:29,60
DA:35,98
DA:37,94
DA:38,94
DA:39,0
DA:44,94
DA:51,94
DA:52,94
DA:61,94
DA:63,91
DA:64,78
DA:65,78
DA:66,78
DA:69,13
DA:70,13
DA:72,13
DA:73,6
DA:76,7
DA:78,3
DA:86,3
DA:87,3
DA:89,3
DA:90,2
DA:97,1
DA:101,60
DA:108,51
DA:110,51
DA:112,98
DA:119,94
DA:121,94
DA:122,8
DA:125,86
DA:128,39
DA:131,60
DA:136,57
DA:146,57
DA:147,57
DA:149,57
DA:150,42
DA:158,39
DA:159,7
DA:162,32
DA:165,47
DA:169,46
DA:171,46
DA:172,2
DA:173,2
DA:176,44
DA:178,44
DA:179,9
DA:187,8
DA:188,1
DA:191,7
DA:194,42
DA:195,8
DA:204,34
DA:206,5
DA:214,5
DA:218,60
LF:66
LH:65
BRDA:22,0,0,4
BRDA:22,0,1,94
BRDA:38,1,0,0
BRDA:38,1,1,94
BRDA:52,2,0,1
BRDA:52,2,1,93
BRDA:63,3,0,78
BRDA:63,3,1,13
BRDA:72,4,0,6
BRDA:72,4,1,7
BRDA:89,5,0,2
BRDA:89,5,1,1
BRDA:121,6,0,8
BRDA:121,6,1,86
BRDA:149,7,0,42
BRDA:149,7,1,15
BRDA:158,8,0,7
BRDA:158,8,1,32
BRDA:167,9,0,47
BRDA:167,9,1,45
BRDA:169,10,0,44
BRDA:169,10,1,2
BRDA:171,11,0,2
BRDA:171,11,1,44
BRDA:178,12,0,9
BRDA:178,12,1,35
BRDA:187,13,0,1
BRDA:187,13,1,7
BRDA:194,14,0,8
BRDA:194,14,1,34
BRF:30
BRH:29
end_of_record
TN:
SF:src/core/unified-executor.ts
FN:25,validateServerConfig
FN:98,handleAuthentication
FN:141,executeBeforeHook
FN:171,validatePayload
FN:186,executeAfterHook
FN:218,executeUnified
FN:234,(anonymous_6)
FN:247,(anonymous_7)
FN:300,(anonymous_8)
FN:354,(anonymous_9)
FNF:10
FNH:10
FNDA:54,validateServerConfig
FNDA:51,handleAuthentication
FNDA:39,executeBeforeHook
FNDA:39,validatePayload
FNDA:34,executeAfterHook
FNDA:54,executeUnified
FNDA:54,(anonymous_6)
FNDA:177,(anonymous_7)
FNDA:16,(anonymous_8)
FNDA:13,(anonymous_9)
DA:26,54
DA:27,0
DA:32,54
DA:33,0
DA:38,54
DA:39,0
DA:44,54
DA:45,0
DA:50,54
DA:51,54
DA:52,0
DA:57,54
DA:58,0
DA:63,54
DA:64,572
DA:65,0
DA:70,572
DA:71,0
DA:104,51
DA:105,29
DA:108,22
DA:109,22
DA:110,0
DA:115,22
DA:124,22
DA:125,22
DA:126,12
DA:132,12
DA:137,10
DA:138,10
DA:147,39
DA:148,36
DA:151,3
DA:157,3
DA:158,0
DA:164,0
DA:165,0
DA:166,0
DA:167,0
DA:172,39
DA:173,1
DA:176,38
DA:177,38
DA:179,38
DA:180,1
DA:193,34
DA:194,31
DA:197,3
DA:204,3
DA:205,0
DA:211,0
DA:212,0
DA:213,0
DA:214,0
DA:228,54
DA:230,54
DA:232,54
DA:234,54
DA:235,54
DA:236,1
DA:242,1
DA:247,177
DA:248,53
DA:249,2
DA:255,2
DA:262,51
DA:263,51
DA:269,51
DA:270,12
DA:273,39
DA:274,39
DA:277,38
DA:278,38
DA:282,1
DA:288,1
DA:296,37
DA:297,37
DA:299,6
DA:300,16
DA:304,6
DA:305,7
DA:307,7
DA:308,0
DA:314,0
DA:322,7
DA:328,7
DA:329,2
DA:331,0
DA:334,2
DA:339,5
DA:344,35
DA:350,35
DA:351,35
DA:353,5
DA:354,13
DA:357,5
DA:360,5
DA:361,6
DA:363,6
DA:364,0
DA:370,0
DA:378,6
DA:384,6
DA:385,1
DA:387,0
DA:390,1
DA:395,5
DA:399,4
DA:402,34
DA:410,34
DA:412,1
DA:418,1
LF:112
LH:87
BRDA:26,0,0,0
BRDA:26,0,1,54
BRDA:32,1,0,0
BRDA:32,1,1,54
BRDA:38,2,0,0
BRDA:38,2,1,54
BRDA:44,3,0,0
BRDA:44,3,1,54
BRDA:51,4,0,0
BRDA:51,4,1,54
BRDA:57,5,0,0
BRDA:57,5,1,54
BRDA:57,6,0,54
BRDA:57,6,1,54
BRDA:64,7,0,0
BRDA:64,7,1,572
BRDA:70,8,0,0
BRDA:70,8,1,572
BRDA:70,9,0,572
BRDA:70,9,1,572
BRDA:104,10,0,29
BRDA:104,10,1,22
BRDA:109,11,0,0
BRDA:109,11,1,22
BRDA:119,12,0,3
BRDA:119,12,1,19
BRDA:125,13,0,12
BRDA:125,13,1,10
BRDA:128,14,0,12
BRDA:128,14,1,0
BRDA:132,15,0,12
BRDA:132,15,1,0
BRDA:147,16,0,36
BRDA:147,16,1,3
BRDA:157,17,0,0
BRDA:157,17,1,3
BRDA:160,18,0,0
BRDA:160,18,1,0
BRDA:164,19,0,0
BRDA:164,19,1,0
BRDA:172,20,0,1
BRDA:172,20,1,38
BRDA:179,21,0,1
BRDA:179,21,1,37
BRDA:193,22,0,31
BRDA:193,22,1,3
BRDA:204,23,0,0
BRDA:204,23,1,3
BRDA:207,24,0,0
BRDA:207,24,1,0
BRDA:211,25,0,0
BRDA:211,25,1,0
BRDA:235,26,0,1
BRDA:235,26,1,53
BRDA:248,27,0,2
BRDA:248,27,1,51
BRDA:269,28,0,12
BRDA:269,28,1,39
BRDA:289,29,0,1
BRDA:289,29,1,0
BRDA:297,30,0,6
BRDA:297,30,1,31
BRDA:297,31,0,37
BRDA:297,31,1,6
BRDA:307,32,0,0
BRDA:307,32,1,7
BRDA:328,33,0,2
BRDA:328,33,1,5
BRDA:329,34,0,0
BRDA:329,34,1,2
BRDA:351,35,0,5
BRDA:351,35,1,30
BRDA:351,36,0,35
BRDA:351,36,1,5
BRDA:363,37,0,0
BRDA:363,37,1,6
BRDA:384,38,0,1
BRDA:384,38,1,5
BRDA:385,39,0,0
BRDA:385,39,1,1
BRDA:414,40,0,1
BRDA:414,40,1,0
BRDA:419,41,0,1
BRDA:419,41,1,0
BRF:84
BRH:56
end_of_record
TN:
SF:src/core/actions/atomic.ts
FN:7,(anonymous_0)
FN:13,(anonymous_1)
FN:62,(anonymous_2)
FN:68,(anonymous_3)
FNF:4
FNH:2
FNDA:6,(anonymous_0)
FNDA:0,(anonymous_1)
FNDA:6,(anonymous_2)
FNDA:0,(anonymous_3)
DA:7,3
DA:13,6
DA:14,0
DA:16,0
DA:17,0
DA:23,0
DA:26,0
DA:32,0
DA:33,0
DA:39,0
DA:41,0
DA:44,6
DA:59,6
DA:62,3
DA:68,6
DA:69,0
DA:71,0
DA:72,0
DA:78,0
DA:81,0
DA:87,0
DA:88,0
DA:94,0
DA:96,0
DA:99,6
DA:114,6
LF:26
LH:8
BRDA:16,0,0,0
BRDA:16,0,1,0
BRDA:16,1,0,0
BRDA:16,1,1,0
BRDA:16,2,0,0
BRDA:16,2,1,0
BRDA:29,3,0,0
BRDA:29,3,1,0
BRDA:32,4,0,0
BRDA:32,4,1,0
BRDA:36,5,0,0
BRDA:36,5,1,0
BRDA:71,6,0,0
BRDA:71,6,1,0
BRDA:71,7,0,0
BRDA:71,7,1,0
BRDA:71,8,0,0
BRDA:71,8,1,0
BRDA:84,9,0,0
BRDA:84,9,1,0
BRDA:87,10,0,0
BRDA:87,10,1,0
BRDA:91,11,0,0
BRDA:91,11,1,0
BRF:24
BRH:0
end_of_record
TN:
SF:src/core/actions/create.ts
FN:7,(anonymous_0)
FN:13,(anonymous_1)
FN:59,(anonymous_2)
FN:65,(anonymous_3)
FNF:4
FNH:3
FNDA:6,(anonymous_0)
FNDA:2,(anonymous_1)
FNDA:6,(anonymous_2)
FNDA:0,(anonymous_3)
DA:7,3
DA:13,6
DA:14,2
DA:28,2
DA:30,2
DA:31,1
DA:37,1
DA:39,1
DA:42,6
DA:56,6
DA:59,3
DA:65,6
DA:66,0
DA:68,0
DA:69,0
DA:75,0
DA:78,0
DA:95,0
DA:97,0
DA:98,0
DA:104,0
DA:109,0
DA:112,6
DA:125,6
LF:24
LH:14
BRDA:14,0,0,2
BRDA:14,0,1,0
BRDA:30,1,0,1
BRDA:30,1,1,1
BRDA:34,2,0,1
BRDA:34,2,1,0
BRDA:68,3,0,0
BRDA:68,3,1,0
BRDA:68,4,0,0
BRDA:68,4,1,0
BRDA:68,5,0,0
BRDA:68,5,1,0
BRDA:78,6,0,0
BRDA:78,6,1,0
BRDA:97,7,0,0
BRDA:97,7,1,0
BRDA:101,8,0,0
BRDA:101,8,1,0
BRF:18
BRH:4
end_of_record
TN:
SF:src/core/actions/delete.ts
FN:6,(anonymous_0)
FN:17,(anonymous_1)
FN:54,(anonymous_2)
FN:65,(anonymous_3)
FNF:4
FNH:3
FNDA:6,(anonymous_0)
FNDA:1,(anonymous_1)
FNDA:6,(anonymous_2)
FNDA:0,(anonymous_3)
DA:6,3
DA:17,6
DA:18,1
DA:19,0
DA:25,0
DA:28,1
DA:30,1
DA:31,0
DA:37,0
DA:39,1
DA:42,6
DA:51,6
DA:54,3
DA:65,6
DA:66,0
DA:68,0
DA:69,0
DA:75,0
DA:80,0
DA:83,6
DA:92,6
LF:21
LH:12
BRDA:18,0,0,0
BRDA:18,0,1,1
BRDA:30,1,0,0
BRDA:30,1,1,1
BRDA:34,2,0,0
BRDA:34,2,1,0
BRDA:68,3,0,0
BRDA:68,3,1,0
BRDA:72,4,0,0
BRDA:72,4,1,0
BRF:10
BRH:2
end_of_record
TN:
SF:src/core/actions/find.ts
FN:7,(anonymous_0)
FN:13,(anonymous_1)
FN:59,(anonymous_2)
FN:65,(anonymous_3)
FN:111,(anonymous_4)
FN:117,(anonymous_5)
FN:150,(anonymous_6)
FN:156,(anonymous_7)
FN:162,(anonymous_8)
FNF:9
FNH:8
FNDA:6,(anonymous_0)
FNDA:12,(anonymous_1)
FNDA:6,(anonymous_2)
FNDA:0,(anonymous_3)
FNDA:6,(anonymous_4)
FNDA:1,(anonymous_5)
FNDA:6,(anonymous_6)
FNDA:4,(anonymous_7)
FNDA:1,(anonymous_8)
DA:7,3
DA:13,6
DA:14,12
DA:16,12
DA:17,0
DA:23,0
DA:26,12
DA:28,12
DA:29,0
DA:35,0
DA:40,12
DA:43,6
DA:56,6
DA:59,3
DA:65,6
DA:66,0
DA:68,0
DA:69,0
DA:75,0
DA:78,0
DA:80,0
DA:81,0
DA:87,0
DA:92,0
DA:95,6
DA:108,6
DA:111,3
DA:117,6
DA:118,1
DA:120,1
DA:122,1
DA:123,0
DA:129,0
DA:131,1
DA:134,6
DA:147,6
DA:150,3
DA:156,6
DA:157,4
DA:159,4
DA:162,1
DA:169,4
DA:170,0
DA:176,0
DA:178,4
DA:181,6
DA:197,6
LF:47
LH:30
BRDA:16,0,0,0
BRDA:16,0,1,12
BRDA:28,1,0,0
BRDA:28,1,1,12
BRDA:32,2,0,0
BRDA:32,2,1,0
BRDA:68,3,0,0
BRDA:68,3,1,0
BRDA:68,4,0,0
BRDA:68,4,1,0
BRDA:68,5,0,0
BRDA:68,5,1,0
BRDA:80,6,0,0
BRDA:80,6,1,0
BRDA:84,7,0,0
BRDA:84,7,1,0
BRDA:120,8,0,1
BRDA:120,8,1,0
BRDA:122,9,0,0
BRDA:122,9,1,1
BRDA:126,10,0,0
BRDA:126,10,1,0
BRDA:169,11,0,0
BRDA:169,11,1,4
BRDA:173,12,0,0
BRDA:173,12,1,0
BRF:26
BRH:5
end_of_record
TN:
SF:src/core/actions/relations.ts
FN:7,(anonymous_0)
FN:13,(anonymous_1)
FNF:2
FNH:1
FNDA:6,(anonymous_0)
FNDA:0,(anonymous_1)
DA:7,3
DA:13,6
DA:14,0
DA:16,0
DA:21,0
DA:22,0
DA:28,0
DA:33,0
DA:36,6
DA:50,6
LF:10
LH:4
BRDA:21,0,0,0
BRDA:21,0,1,0
BRDA:25,1,0,0
BRDA:25,1,1,0
BRF:4
BRH:0
end_of_record
TN:
SF:src/core/actions/update.ts
FN:7,(anonymous_0)
FN:13,(anonymous_1)
FN:71,(anonymous_2)
FN:77,(anonymous_3)
FNF:4
FNH:3
FNDA:6,(anonymous_0)
FNDA:3,(anonymous_1)
FNDA:6,(anonymous_2)
FNDA:0,(anonymous_3)
DA:7,3
DA:13,6
DA:14,3
DA:15,1
DA:21,1
DA:24,2
DA:25,2
DA:27,2
DA:36,2
DA:42,2
DA:43,0
DA:49,0
DA:51,2
DA:54,6
DA:68,6
DA:71,3
DA:77,6
DA:78,0
DA:80,0
DA:81,0
DA:87,0
DA:90,0
DA:91,0
DA:97,0
DA:100,0
DA:117,0
DA:123,0
DA:124,0
DA:130,0
DA:135,0
DA:138,6
DA:152,6
LF:32
LH:17
BRDA:14,0,0,1
BRDA:14,0,1,2
BRDA:42,1,0,0
BRDA:42,1,1,2
BRDA:46,2,0,0
BRDA:46,2,1,0
BRDA:80,3,0,0
BRDA:80,3,1,0
BRDA:80,4,0,0
BRDA:80,4,1,0
BRDA:80,5,0,0
BRDA:80,5,1,0
BRDA:90,6,0,0
BRDA:90,6,1,0
BRDA:90,7,0,0
BRDA:90,7,1,0
BRDA:100,8,0,0
BRDA:100,8,1,0
BRDA:123,9,0,0
BRDA:123,9,1,0
BRDA:127,10,0,0
BRDA:127,10,1,0
BRF:22
BRH:3
end_of_record
TN:
SF:src/core/actions/utility.ts
FN:7,(anonymous_0)
FN:13,(anonymous_1)
FN:46,(anonymous_2)
FN:52,(anonymous_3)
FNF:4
FNH:2
FNDA:6,(anonymous_0)
FNDA:0,(anonymous_1)
FNDA:6,(anonymous_2)
FNDA:0,(anonymous_3)
DA:7,3
DA:13,6
DA:14,0
DA:16,0
DA:18,0
DA:19,0
DA:25,0
DA:27,0
DA:30,6
DA:43,6
DA:46,3
DA:52,6
DA:53,0
DA:55,0
DA:56,0
DA:62,0
DA:65,0
DA:67,0
DA:68,0
DA:74,0
DA:76,0
DA:79,6
DA:92,6
LF:23
LH:8
BRDA:16,0,0,0
BRDA:16,0,1,0
BRDA:18,1,0,0
BRDA:18,1,1,0
BRDA:22,2,0,0
BRDA:22,2,1,0
BRDA:55,3,0,0
BRDA:55,3,1,0
BRDA:55,4,0,0
BRDA:55,4,1,0
BRDA:55,5,0,0
BRDA:55,5,1,0
BRDA:67,6,0,0
BRDA:67,6,1,0
BRDA:71,7,0,0
BRDA:71,7,1,0
BRF:16
BRH:0
end_of_record
TN:
SF:src/core/engine/handler-validation.ts
FN:13,validateHandlerSignature
FN:33,isSafeResult
FNF:2
FNH:2
FNDA:45,validateHandlerSignature
FNDA:14,isSafeResult
DA:16,45
DA:17,1
DA:20,44
DA:21,3
DA:34,14
DA:35,5
DA:38,9
DA:39,9
LF:8
LH:8
BRDA:16,0,0,1
BRDA:16,0,1,44
BRDA:20,1,0,3
BRDA:20,1,1,41
BRDA:20,2,0,44
BRDA:20,2,1,42
BRDA:34,3,0,5
BRDA:34,3,1,9
BRDA:34,4,0,14
BRDA:34,4,1,12
BRDA:34,4,2,9
BRDA:40,5,0,9
BRDA:40,5,1,6
BRDA:40,5,2,5
BRF:14
BRH:14
end_of_record
TN:
SF:src/core/engine/response-cleaner.ts
FN:13,cleanResponse
FNF:1
FNH:1
FNDA:46,cleanResponse
DA:14,46
LF:1
LH:1
BRF:0
BRH:0
end_of_record
TN:
SF:src/core/orm/aggregation.ts
FN:17,createAggregationOperations
FN:25,buildSelectObjectForGroupBy
FN:51,applyFilters
FN:55,(anonymous_3)
FN:56,(anonymous_4)
FN:64,applyHaving
FN:68,(anonymous_6)
FN:69,(anonymous_7)
FN:77,applyOrdering
FN:93,(anonymous_9)
FN:149,(anonymous_10)
FN:150,(anonymous_11)
FN:181,normalizeNumericValues
FN:201,(anonymous_13)
FN:231,(anonymous_14)
FN:235,(anonymous_15)
FNF:16
FNH:10
FNDA:209,createAggregationOperations
FNDA:1,buildSelectObjectForGroupBy
FNDA:1,applyFilters
FNDA:0,(anonymous_3)
FNDA:0,(anonymous_4)
FNDA:1,applyHaving
FNDA:0,(anonymous_6)
FNDA:0,(anonymous_7)
FNDA:1,applyOrdering
FNDA:5,(anonymous_9)
FNDA:0,(anonymous_10)
FNDA:0,(anonymous_11)
FNDA:6,normalizeNumericValues
FNDA:1,(anonymous_13)
FNDA:1,(anonymous_14)
FNDA:1,(anonymous_15)
DA:23,209
DA:29,1
DA:30,1
DA:32,1
DA:33,1
DA:35,1
DA:36,1
DA:38,1
DA:39,0
DA:41,1
DA:42,0
DA:44,1
DA:45,0
DA:48,1
DA:52,1
DA:53,1
DA:54,0
DA:55,0
DA:56,0
DA:57,0
DA:58,0
DA:61,1
DA:65,1
DA:66,1
DA:67,0
DA:68,0
DA:69,0
DA:70,0
DA:71,0
DA:74,1
DA:78,1
DA:79,1
DA:80,0
DA:81,0
DA:82,0
DA:84,0
DA:85,0
DA:86,0
DA:90,1
DA:93,209
DA:97,5
DA:99,5
DA:103,5
DA:105,5
DA:115,0
DA:118,5
DA:119,5
DA:120,5
DA:121,5
DA:123,5
DA:125,1
DA:126,1
DA:128,1
DA:129,1
DA:131,1
DA:132,1
DA:134,1
DA:135,1
DA:137,1
DA:138,1
DA:141,0
DA:145,5
DA:147,5
DA:148,0
DA:149,0
DA:150,0
DA:151,0
DA:152,0
DA:156,5
DA:157,5
DA:160,5
DA:162,5
DA:164,0
DA:170,0
DA:182,6
DA:183,6
DA:184,8
DA:186,8
DA:191,3
DA:192,5
DA:193,0
DA:195,5
DA:198,6
DA:201,209
DA:205,1
DA:206,1
DA:208,1
DA:210,1
DA:213,1
DA:216,1
DA:219,1
DA:222,1
DA:225,1
DA:226,0
DA:229,1
DA:231,1
DA:235,1
DA:236,1
DA:239,1
DA:241,0
DA:247,0
DA:258,209
LF:102
LH:70
BRDA:20,0,0,0
BRDA:32,1,0,1
BRDA:32,1,1,0
BRDA:35,2,0,1
BRDA:35,2,1,0
BRDA:38,3,0,0
BRDA:38,3,1,1
BRDA:41,4,0,0
BRDA:41,4,1,1
BRDA:44,5,0,0
BRDA:44,5,1,1
BRDA:53,6,0,0
BRDA:53,6,1,1
BRDA:53,7,0,1
BRDA:53,7,1,0
BRDA:57,8,0,0
BRDA:57,8,1,0
BRDA:66,9,0,0
BRDA:66,9,1,1
BRDA:66,10,0,1
BRDA:66,10,1,0
BRDA:70,11,0,0
BRDA:70,11,1,0
BRDA:79,12,0,0
BRDA:79,12,1,1
BRDA:79,13,0,1
BRDA:79,13,1,0
BRDA:81,14,0,0
BRDA:81,14,1,0
BRDA:84,15,0,0
BRDA:84,15,1,0
BRDA:103,16,0,5
BRDA:103,16,1,0
BRDA:103,17,0,5
BRDA:103,17,1,5
BRDA:120,18,0,5
BRDA:120,18,1,5
BRDA:123,19,0,1
BRDA:123,19,1,1
BRDA:123,19,2,1
BRDA:123,19,3,1
BRDA:123,19,4,1
BRDA:123,19,5,0
BRDA:147,20,0,0
BRDA:147,20,1,5
BRDA:147,21,0,5
BRDA:147,21,1,0
BRDA:151,22,0,0
BRDA:151,22,1,0
BRDA:157,23,0,5
BRDA:157,23,1,0
BRDA:166,24,0,0
BRDA:166,24,1,0
BRDA:173,25,0,0
BRDA:173,25,1,0
BRDA:186,26,0,3
BRDA:186,26,1,5
BRDA:187,27,0,8
BRDA:187,27,1,4
BRDA:187,27,2,3
BRDA:192,28,0,0
BRDA:192,28,1,5
BRDA:203,29,0,0
BRDA:225,30,0,0
BRDA:225,30,1,1
BRDA:231,31,0,1
BRDA:231,31,1,0
BRDA:243,32,0,0
BRDA:243,32,1,0
BRDA:250,33,0,0
BRDA:250,33,1,0
BRF:71
BRH:32
end_of_record
TN:
SF:src/core/orm/atomic.ts
FN:10,createAtomicOperations
FN:18,(anonymous_1)
FN:70,(anonymous_2)
FNF:3
FNH:3
FNDA:209,createAtomicOperations
FNDA:3,(anonymous_1)
FNDA:1,(anonymous_2)
DA:16,209
DA:18,209
DA:24,3
DA:25,3
DA:26,0
DA:29,3
DA:30,3
DA:31,3
DA:37,3
DA:41,3
DA:42,0
DA:51,3
DA:53,0
DA:59,0
DA:70,209
DA:76,1
DA:77,1
DA:78,0
DA:81,1
DA:82,1
DA:83,1
DA:89,1
DA:93,1
DA:94,0
DA:103,1
DA:105,0
DA:111,0
DA:122,209
LF:28
LH:20
BRDA:21,0,0,1
BRDA:22,1,0,3
BRDA:25,2,0,0
BRDA:25,2,1,3
BRDA:37,3,0,3
BRDA:37,3,1,0
BRDA:41,4,0,0
BRDA:41,4,1,3
BRDA:55,5,0,0
BRDA:55,5,1,0
BRDA:62,6,0,0
BRDA:62,6,1,0
BRDA:73,7,0,0
BRDA:74,8,0,1
BRDA:77,9,0,0
BRDA:77,9,1,1
BRDA:89,10,0,1
BRDA:89,10,1,0
BRDA:93,11,0,0
BRDA:93,11,1,1
BRDA:107,12,0,0
BRDA:107,12,1,0
BRDA:114,13,0,0
BRDA:114,13,1,0
BRF:24
BRH:9
end_of_record
TN:
SF:src/core/orm/bulk.ts
FN:17,createBulkOperations
FN:32,buildUpdateValidator
FN:50,applyTimestampAutoUpdate
FN:58,buildWhereClauses
FN:69,deepMergeJsonUpdates
FN:102,executeIndividualUpdates
FN:106,(anonymous_6)
FN:127,(anonymous_7)
FN:129,(anonymous_8)
FN:200,(anonymous_9)
FN:211,(anonymous_10)
FN:233,(anonymous_11)
FN:308,(anonymous_12)
FN:341,(anonymous_13)
FN:358,(anonymous_14)
FN:380,(anonymous_15)
FN:446,(anonymous_16)
FN:467,(anonymous_17)
FN:503,(anonymous_18)
FNF:19
FNH:17
FNDA:209,createBulkOperations
FNDA:1,buildUpdateValidator
FNDA:1,applyTimestampAutoUpdate
FNDA:1,buildWhereClauses
FNDA:1,deepMergeJsonUpdates
FNDA:1,executeIndividualUpdates
FNDA:2,(anonymous_6)
FNDA:2,(anonymous_7)
FNDA:4,(anonymous_8)
FNDA:253,(anonymous_9)
FNDA:253,(anonymous_10)
FNDA:1,(anonymous_11)
FNDA:1,(anonymous_12)
FNDA:0,(anonymous_13)
FNDA:2,(anonymous_14)
FNDA:2,(anonymous_15)
FNDA:1,(anonymous_16)
FNDA:2,(anonymous_17)
FNDA:0,(anonymous_18)
DA:27,209
DA:30,209
DA:33,1
DA:39,1
DA:40,0
DA:47,1
DA:51,1
DA:52,1
DA:53,0
DA:55,1
DA:59,1
DA:60,1
DA:61,1
DA:62,1
DA:63,1
DA:66,1
DA:74,1
DA:76,1
DA:77,2
DA:80,2
DA:81,2
DA:82,2
DA:91,0
DA:92,0
DA:96,2
DA:99,1
DA:106,1
DA:107,2
DA:114,2
DA:120,2
DA:121,2
DA:123,0
DA:126,1
DA:127,2
DA:129,209
DA:134,4
DA:135,0
DA:146,4
DA:152,4
DA:153,0
DA:160,4
DA:161,4
DA:163,4
DA:164,253
DA:165,253
DA:166,253
DA:168,0
DA:169,0
DA:176,4
DA:177,0
DA:188,4
DA:192,4
DA:194,4
DA:195,4
DA:196,0
DA:199,4
DA:200,4
DA:201,253
DA:203,4
DA:211,4
DA:212,253
DA:214,4
DA:216,0
DA:222,0
DA:233,209
DA:239,1
DA:240,1
DA:242,1
DA:243,0
DA:244,0
DA:255,1
DA:257,1
DA:258,1
DA:259,0
DA:262,1
DA:264,1
DA:265,1
DA:267,1
DA:268,1
DA:273,1
DA:276,1
DA:277,1
DA:284,1
DA:289,1
DA:291,0
DA:297,0
DA:308,209
DA:312,1
DA:313,1
DA:314,0
DA:317,1
DA:318,1
DA:319,1
DA:320,1
DA:321,1
DA:322,1
DA:326,1
DA:328,0
DA:341,0
DA:342,0
DA:344,0
DA:347,1
DA:358,1
DA:359,2
DA:361,1
DA:363,0
DA:369,0
DA:380,209
DA:384,2
DA:385,2
DA:386,0
DA:389,2
DA:390,2
DA:399,2
DA:400,2
DA:401,0
DA:404,2
DA:413,2
DA:417,2
DA:418,0
DA:427,2
DA:429,0
DA:435,0
DA:446,209
DA:450,1
DA:451,0
DA:461,1
DA:462,1
DA:463,0
DA:466,1
DA:467,1
DA:468,2
DA:472,1
DA:473,1
DA:476,1
DA:477,7
DA:478,6
DA:479,6
DA:480,6
DA:483,0
DA:489,1
DA:490,0
DA:493,1
DA:503,0
DA:504,0
DA:506,0
DA:508,1
DA:514,1
DA:525,209
LF:149
LH:112
BRDA:22,0,0,0
BRDA:23,1,0,0
BRDA:30,2,0,209
BRDA:30,2,1,209
BRDA:39,3,0,0
BRDA:39,3,1,1
BRDA:52,4,0,0
BRDA:52,4,1,1
BRDA:62,5,0,1
BRDA:62,5,1,0
BRDA:76,6,0,1
BRDA:76,6,1,0
BRDA:82,7,0,0
BRDA:82,7,1,2
BRDA:83,8,0,2
BRDA:83,8,1,0
BRDA:83,8,2,0
BRDA:83,8,3,0
BRDA:83,8,4,0
BRDA:83,8,5,0
BRDA:83,8,6,0
BRDA:120,9,0,2
BRDA:120,9,1,0
BRDA:120,10,0,2
BRDA:120,10,1,2
BRDA:131,11,0,4
BRDA:134,12,0,0
BRDA:134,12,1,4
BRDA:152,13,0,0
BRDA:152,13,1,4
BRDA:165,14,0,253
BRDA:165,14,1,0
BRDA:176,15,0,0
BRDA:176,15,1,4
BRDA:176,16,0,4
BRDA:176,16,1,0
BRDA:188,17,0,0
BRDA:188,17,1,4
BRDA:195,18,0,0
BRDA:195,18,1,4
BRDA:203,19,0,0
BRDA:203,19,1,4
BRDA:211,20,0,4
BRDA:211,20,1,0
BRDA:218,21,0,0
BRDA:218,21,1,0
BRDA:225,22,0,0
BRDA:225,22,1,0
BRDA:236,23,0,1
BRDA:242,24,0,0
BRDA:242,24,1,1
BRDA:258,25,0,0
BRDA:258,25,1,1
BRDA:267,26,0,1
BRDA:267,26,1,0
BRDA:269,27,0,1
BRDA:269,27,1,0
BRDA:293,28,0,0
BRDA:293,28,1,0
BRDA:300,29,0,0
BRDA:300,29,1,0
BRDA:310,30,0,1
BRDA:313,31,0,0
BRDA:313,31,1,1
BRDA:321,32,0,1
BRDA:321,32,1,0
BRDA:326,33,0,0
BRDA:326,33,1,1
BRDA:328,34,0,0
BRDA:328,34,1,0
BRDA:341,35,0,0
BRDA:341,35,1,0
BRDA:347,36,0,0
BRDA:347,36,1,1
BRDA:358,37,0,1
BRDA:358,37,1,0
BRDA:365,38,0,0
BRDA:365,38,1,0
BRDA:372,39,0,0
BRDA:372,39,1,0
BRDA:382,40,0,2
BRDA:385,41,0,0
BRDA:385,41,1,2
BRDA:400,42,0,0
BRDA:400,42,1,2
BRDA:413,43,0,2
BRDA:413,43,1,0
BRDA:417,44,0,0
BRDA:417,44,1,2
BRDA:431,45,0,0
BRDA:431,45,1,0
BRDA:438,46,0,0
BRDA:438,46,1,0
BRDA:448,47,0,1
BRDA:450,48,0,0
BRDA:450,48,1,1
BRDA:462,49,0,0
BRDA:462,49,1,1
BRDA:472,50,0,1
BRDA:472,50,1,0
BRDA:477,51,0,6
BRDA:477,51,1,1
BRDA:479,52,0,6
BRDA:479,52,1,0
BRDA:489,53,0,0
BRDA:489,53,1,1
BRDA:503,54,0,0
BRDA:503,54,1,0
BRDA:510,55,0,1
BRDA:510,55,1,0
BRDA:517,56,0,1
BRDA:517,56,1,0
BRF:112
BRH:47
end_of_record
TN:
SF:src/core/orm/crud.ts
FN:28,createCrudOperations
FN:40,buildQueryConditions
FN:57,buildFindQuery
FN:66,applyQueryFilters
FN:76,applyOrdering
FN:85,applyPagination
FN:102,applyDistinct
FN:113,executeCountQuery
FN:129,processJsonUpdates
FN:165,getUpdateValidator
FN:183,(anonymous_10)
FN:196,processResult
FN:202,handleError
FN:229,(anonymous_13)
FN:252,(anonymous_14)
FN:318,(anonymous_15)
FN:345,(anonymous_16)
FN:369,(anonymous_17)
FN:378,(anonymous_18)
FN:399,(anonymous_19)
FN:467,(anonymous_20)
FN:532,(anonymous_21)
FN:615,(anonymous_22)
FN:718,(anonymous_23)
FNF:24
FNH:22
FNDA:209,createCrudOperations
FNDA:66,buildQueryConditions
FNDA:60,buildFindQuery
FNDA:64,applyQueryFilters
FNDA:60,applyOrdering
FNDA:60,applyPagination
FNDA:60,applyDistinct
FNDA:2,executeCountQuery
FNDA:10,processJsonUpdates
FNDA:11,getUpdateValidator
FNDA:102,(anonymous_10)
FNDA:4,processResult
FNDA:0,handleError
FNDA:4,(anonymous_13)
FNDA:37,(anonymous_14)
FNDA:1,(anonymous_15)
FNDA:2,(anonymous_16)
FNDA:62,(anonymous_17)
FNDA:62,(anonymous_18)
FNDA:220,(anonymous_19)
FNDA:0,(anonymous_20)
FNDA:414,(anonymous_21)
FNDA:11,(anonymous_22)
FNDA:8,(anonymous_23)
DA:38,209
DA:44,66
DA:45,64
DA:46,64
DA:47,53
DA:50,64
DA:51,0
DA:54,64
DA:58,60
DA:59,60
DA:63,60
DA:67,64
DA:68,64
DA:69,53
DA:73,64
DA:77,60
DA:78,60
DA:79,60
DA:80,57
DA:82,60
DA:89,60
DA:90,60
DA:92,60
DA:93,2
DA:94,2
DA:96,58
DA:99,60
DA:106,60
DA:107,60
DA:108,0
DA:110,60
DA:117,2
DA:119,2
DA:120,1
DA:125,2
DA:126,2
DA:134,10
DA:136,10
DA:137,13
DA:139,13
DA:148,5
DA:150,5
DA:155,5
DA:157,5
DA:162,10
DA:166,11
DA:172,11
DA:173,2
DA:180,9
DA:183,209
DA:184,102
DA:185,92
DA:187,10
DA:188,10
DA:189,35
DA:190,35
DA:193,10
DA:197,4
DA:203,0
DA:204,0
DA:213,0
DA:219,0
DA:229,209
DA:233,4
DA:234,4
DA:235,4
DA:236,4
DA:237,4
DA:240,4
DA:241,4
DA:242,4
DA:243,4
DA:245,0
DA:252,209
DA:256,37
DA:257,37
DA:258,0
DA:260,37
DA:262,37
DA:264,37
DA:265,2
DA:268,37
DA:269,37
DA:272,37
DA:273,37
DA:277,37
DA:279,37
DA:280,7
DA:282,30
DA:289,30
DA:293,0
DA:294,0
DA:299,0
DA:301,0
DA:307,0
DA:318,209
DA:322,1
DA:323,1
DA:324,0
DA:326,1
DA:328,1
DA:330,1
DA:331,0
DA:334,1
DA:335,1
DA:338,1
DA:339,1
DA:343,1
DA:345,1
DA:346,2
DA:348,1
DA:350,0
DA:356,0
DA:369,209
DA:372,62
DA:373,62
DA:374,0
DA:376,62
DA:378,62
DA:379,62
DA:380,62
DA:383,2
DA:386,2
DA:389,62
DA:390,62
DA:391,60
DA:392,60
DA:393,60
DA:394,60
DA:395,60
DA:397,60
DA:399,60
DA:400,220
DA:403,60
DA:404,2
DA:405,2
DA:406,2
DA:421,58
DA:423,2
DA:424,0
DA:433,2
DA:439,2
DA:467,209
DA:472,0
DA:473,0
DA:474,0
DA:476,0
DA:478,0
DA:479,0
DA:494,0
DA:495,0
DA:496,0
DA:497,0
DA:506,0
DA:510,0
DA:513,0
DA:515,0
DA:521,0
DA:532,209
DA:537,414
DA:542,414
DA:543,2
DA:549,414
DA:550,414
DA:551,1
DA:552,1
DA:563,413
DA:570,413
DA:571,413
DA:572,0
DA:574,413
DA:575,413
DA:583,412
DA:586,412
DA:587,0
DA:596,412
DA:598,1
DA:604,1
DA:615,209
DA:621,11
DA:622,11
DA:623,11
DA:624,0
DA:625,0
DA:635,11
DA:636,11
DA:641,11
DA:642,1
DA:652,10
DA:655,10
DA:656,10
DA:657,0
DA:662,0
DA:672,10
DA:676,0
DA:679,10
DA:680,10
DA:681,10
DA:682,10
DA:683,0
DA:685,10
DA:696,10
DA:699,10
DA:701,0
DA:707,0
DA:718,209
DA:722,8
DA:723,8
DA:724,0
DA:726,8
DA:728,8
DA:733,8
DA:735,0
DA:737,8
DA:739,6
DA:745,2
DA:747,8
DA:751,0
DA:752,0
DA:757,0
DA:759,0
DA:765,0
DA:776,209
LF:223
LH:172
BRDA:33,0,0,0
BRDA:34,1,0,0
BRDA:46,2,0,53
BRDA:46,2,1,11
BRDA:50,3,0,0
BRDA:50,3,1,64
BRDA:50,4,0,64
BRDA:50,4,1,2
BRDA:59,5,0,3
BRDA:59,5,1,57
BRDA:68,6,0,53
BRDA:68,6,1,11
BRDA:70,7,0,53
BRDA:70,7,1,0
BRDA:79,8,0,57
BRDA:79,8,1,3
BRDA:89,9,0,56
BRDA:89,10,0,57
BRDA:92,11,0,2
BRDA:92,11,1,58
BRDA:92,12,0,60
BRDA:92,12,1,2
BRDA:107,13,0,0
BRDA:107,13,1,60
BRDA:119,14,0,1
BRDA:119,14,1,1
BRDA:121,15,0,1
BRDA:121,15,1,0
BRDA:126,16,0,2
BRDA:126,16,1,0
BRDA:139,17,0,5
BRDA:139,17,1,8
BRDA:140,18,0,13
BRDA:140,18,1,5
BRDA:140,18,2,5
BRDA:140,18,3,5
BRDA:140,18,4,5
BRDA:140,18,5,5
BRDA:140,18,6,5
BRDA:150,19,0,5
BRDA:150,19,1,0
BRDA:151,20,0,5
BRDA:151,20,1,5
BRDA:151,20,2,5
BRDA:172,21,0,2
BRDA:172,21,1,9
BRDA:184,22,0,92
BRDA:184,22,1,10
BRDA:184,23,0,102
BRDA:184,23,1,10
BRDA:189,24,0,35
BRDA:189,24,1,0
BRDA:197,25,0,3
BRDA:197,25,1,1
BRDA:203,26,0,0
BRDA:203,26,1,0
BRDA:203,27,0,0
BRDA:203,27,1,0
BRDA:203,27,2,0
BRDA:215,28,0,0
BRDA:215,28,1,0
BRDA:222,29,0,0
BRDA:222,29,1,0
BRDA:231,30,0,3
BRDA:233,31,0,4
BRDA:233,31,1,4
BRDA:237,32,0,1
BRDA:237,32,1,3
BRDA:254,33,0,30
BRDA:257,34,0,0
BRDA:257,34,1,37
BRDA:264,35,0,2
BRDA:264,35,1,35
BRDA:264,36,0,37
BRDA:264,36,1,4
BRDA:269,37,0,5
BRDA:269,37,1,32
BRDA:272,38,0,37
BRDA:272,38,1,0
BRDA:274,39,0,35
BRDA:274,39,1,2
BRDA:279,40,0,7
BRDA:279,40,1,30
BRDA:279,41,0,37
BRDA:279,41,1,37
BRDA:279,41,2,30
BRDA:293,42,0,0
BRDA:293,42,1,0
BRDA:294,43,0,0
BRDA:294,43,1,0
BRDA:295,44,0,0
BRDA:295,44,1,0
BRDA:320,45,0,0
BRDA:323,46,0,0
BRDA:323,46,1,1
BRDA:330,47,0,0
BRDA:330,47,1,1
BRDA:330,48,0,1
BRDA:330,48,1,0
BRDA:335,49,0,1
BRDA:335,49,1,0
BRDA:338,50,0,1
BRDA:338,50,1,0
BRDA:340,51,0,1
BRDA:340,51,1,0
BRDA:345,52,0,1
BRDA:345,52,1,0
BRDA:352,53,0,0
BRDA:352,53,1,0
BRDA:359,54,0,0
BRDA:359,54,1,0
BRDA:370,55,0,1
BRDA:373,56,0,0
BRDA:373,56,1,62
BRDA:376,57,0,9
BRDA:380,58,0,62
BRDA:380,58,1,0
BRDA:383,59,0,2
BRDA:383,59,1,0
BRDA:399,60,0,60
BRDA:399,60,1,0
BRDA:403,61,0,2
BRDA:403,61,1,58
BRDA:403,62,0,60
BRDA:403,62,1,2
BRDA:423,63,0,0
BRDA:423,63,1,2
BRDA:435,64,0,2
BRDA:435,64,1,0
BRDA:442,65,0,2
BRDA:442,65,1,0
BRDA:470,66,0,0
BRDA:473,67,0,0
BRDA:473,67,1,0
BRDA:478,68,0,0
BRDA:478,68,1,0
BRDA:495,69,0,0
BRDA:495,69,1,0
BRDA:496,70,0,0
BRDA:496,70,1,0
BRDA:510,71,0,0
BRDA:510,71,1,0
BRDA:517,72,0,0
BRDA:517,72,1,0
BRDA:524,73,0,0
BRDA:524,73,1,0
BRDA:534,74,0,412
BRDA:542,75,0,2
BRDA:542,75,1,412
BRDA:550,76,0,1
BRDA:550,76,1,413
BRDA:571,77,0,0
BRDA:571,77,1,413
BRDA:575,78,0,0
BRDA:575,78,1,413
BRDA:583,79,0,412
BRDA:583,79,1,0
BRDA:586,80,0,0
BRDA:586,80,1,412
BRDA:600,81,0,1
BRDA:600,81,1,0
BRDA:607,82,0,1
BRDA:607,82,1,0
BRDA:618,83,0,9
BRDA:623,84,0,0
BRDA:623,84,1,11
BRDA:641,85,0,1
BRDA:641,85,1,10
BRDA:641,86,0,11
BRDA:641,86,1,11
BRDA:656,87,0,0
BRDA:656,87,1,10
BRDA:672,88,0,0
BRDA:672,88,1,10
BRDA:673,89,0,10
BRDA:673,89,1,0
BRDA:682,90,0,0
BRDA:682,90,1,10
BRDA:685,91,0,0
BRDA:685,91,1,10
BRDA:696,92,0,10
BRDA:696,92,1,0
BRDA:703,93,0,0
BRDA:703,93,1,0
BRDA:710,94,0,0
BRDA:710,94,1,0
BRDA:720,95,0,8
BRDA:723,96,0,0
BRDA:723,96,1,8
BRDA:733,97,0,0
BRDA:733,97,1,8
BRDA:733,98,0,8
BRDA:733,98,1,8
BRDA:737,99,0,6
BRDA:737,99,1,2
BRDA:751,100,0,0
BRDA:751,100,1,0
BRDA:752,101,0,0
BRDA:752,101,1,0
BRDA:753,102,0,0
BRDA:753,102,1,0
BRF:201
BRH:116
end_of_record
TN:
SF:src/core/orm/filters.ts
FN:28,buildFilterCondition
FN:50,(anonymous_1)
FN:51,(anonymous_2)
FN:58,(anonymous_3)
FN:59,(anonymous_4)
FN:92,(anonymous_5)
FN:93,(anonymous_6)
FN:95,(anonymous_7)
FN:97,(anonymous_8)
FN:99,(anonymous_9)
FN:100,(anonymous_10)
FN:102,(anonymous_11)
FN:103,(anonymous_12)
FN:111,(anonymous_13)
FN:123,(anonymous_14)
FN:124,(anonymous_15)
FN:125,(anonymous_16)
FN:126,(anonymous_17)
FN:127,(anonymous_18)
FN:149,buildWhereClause
FN:159,(anonymous_20)
FN:160,(anonymous_21)
FN:168,buildOrderClause
FN:180,(anonymous_23)
FN:202,detectJsonColumns
FN:256,processJsonColumns
FNF:26
FNH:26
FNDA:109,buildFilterCondition
FNDA:19,(anonymous_1)
FNDA:19,(anonymous_2)
FNDA:25,(anonymous_3)
FNDA:25,(anonymous_4)
FNDA:46,(anonymous_5)
FNDA:1,(anonymous_6)
FNDA:2,(anonymous_7)
FNDA:1,(anonymous_8)
FNDA:1,(anonymous_9)
FNDA:1,(anonymous_10)
FNDA:11,(anonymous_11)
FNDA:2,(anonymous_12)
FNDA:3,(anonymous_13)
FNDA:4,(anonymous_14)
FNDA:2,(anonymous_15)
FNDA:1,(anonymous_16)
FNDA:3,(anonymous_17)
FNDA:1,(anonymous_18)
FNDA:74,buildWhereClause
FNDA:65,(anonymous_20)
FNDA:63,(anonymous_21)
FNDA:60,buildOrderClause
FNDA:4,(anonymous_23)
FNDA:1640,detectJsonColumns
FNDA:1629,processJsonColumns
DA:34,109
DA:36,5
DA:37,5
DA:38,5
DA:39,0
DA:44,5
DA:48,104
DA:49,10
DA:50,19
DA:51,19
DA:52,10
DA:56,94
DA:57,13
DA:58,25
DA:59,25
DA:60,13
DA:64,81
DA:81,81
DA:83,81
DA:86,81
DA:87,1
DA:91,80
DA:92,46
DA:94,1
DA:96,2
DA:98,1
DA:99,1
DA:101,1
DA:102,11
DA:105,2
DA:107,2
DA:109,0
DA:112,3
DA:113,0
DA:115,3
DA:117,3
DA:118,3
DA:121,0
DA:123,4
DA:124,2
DA:125,1
DA:126,3
DA:128,1
DA:134,80
DA:135,330
DA:136,79
DA:137,79
DA:138,79
DA:143,1
DA:154,74
DA:155,9
DA:158,65
DA:159,65
DA:160,63
DA:162,63
DA:172,60
DA:174,56
DA:175,53
DA:177,3
DA:180,4
DA:182,4
DA:183,0
DA:187,4
DA:188,4
DA:191,4
DA:192,0
DA:195,4
DA:207,1640
DA:208,1640
DA:210,1640
DA:211,16480
DA:212,0
DA:216,16480
DA:220,2836
DA:221,2836
DA:225,13644
DA:226,0
DA:227,0
DA:228,0
DA:229,0
DA:230,0
DA:231,0
DA:233,0
DA:234,0
DA:235,0
DA:240,13644
DA:241,13644
DA:246,0
DA:250,1640
DA:263,1629
DA:264,1629
DA:266,1629
DA:267,2818
DA:268,2772
DA:270,1155
DA:274,1155
DA:276,1617
DA:281,1617
DA:282,1617
DA:290,1629
LF:100
LH:83
BRDA:31,0,0,0
BRDA:34,1,0,5
BRDA:34,1,1,104
BRDA:36,2,0,5
BRDA:36,2,1,0
BRDA:38,3,0,0
BRDA:38,3,1,5
BRDA:38,4,0,5
BRDA:38,4,1,5
BRDA:48,5,0,10
BRDA:48,5,1,94
BRDA:52,6,0,9
BRDA:52,6,1,1
BRDA:56,7,0,13
BRDA:56,7,1,81
BRDA:60,8,0,12
BRDA:60,8,1,1
BRDA:86,9,0,1
BRDA:86,9,1,80
BRDA:92,10,0,46
BRDA:92,10,1,0
BRDA:94,11,0,1
BRDA:94,11,1,0
BRDA:96,12,0,2
BRDA:96,12,1,0
BRDA:98,13,0,1
BRDA:98,13,1,0
BRDA:99,14,0,1
BRDA:99,14,1,0
BRDA:101,15,0,1
BRDA:101,15,1,0
BRDA:102,16,0,11
BRDA:102,16,1,0
BRDA:105,17,0,2
BRDA:105,17,1,0
BRDA:105,18,0,2
BRDA:105,18,1,2
BRDA:109,19,0,0
BRDA:109,19,1,0
BRDA:112,20,0,0
BRDA:112,20,1,3
BRDA:117,21,0,3
BRDA:117,21,1,0
BRDA:123,22,0,4
BRDA:123,22,1,0
BRDA:124,23,0,2
BRDA:124,23,1,0
BRDA:125,24,0,1
BRDA:125,24,1,0
BRDA:126,25,0,3
BRDA:126,25,1,0
BRDA:128,26,0,1
BRDA:128,26,1,0
BRDA:135,27,0,79
BRDA:135,27,1,251
BRDA:137,28,0,79
BRDA:137,28,1,0
BRDA:152,29,0,3
BRDA:154,30,0,9
BRDA:154,30,1,65
BRDA:162,31,0,61
BRDA:162,31,1,2
BRDA:172,32,0,56
BRDA:172,32,1,4
BRDA:172,33,0,60
BRDA:172,33,1,4
BRDA:174,34,0,53
BRDA:174,34,1,3
BRDA:182,35,0,0
BRDA:182,35,1,4
BRDA:191,36,0,0
BRDA:191,36,1,4
BRDA:195,37,0,0
BRDA:195,37,1,4
BRDA:204,38,0,0
BRDA:205,39,0,11
BRDA:211,40,0,0
BRDA:211,40,1,16480
BRDA:211,41,0,16480
BRDA:211,41,1,16480
BRDA:216,42,0,2836
BRDA:216,42,1,13644
BRDA:217,43,0,16480
BRDA:217,43,1,16480
BRDA:225,44,0,0
BRDA:225,44,1,13644
BRDA:225,45,0,13644
BRDA:225,45,1,0
BRDA:229,46,0,0
BRDA:229,46,1,0
BRDA:229,47,0,0
BRDA:229,47,1,0
BRDA:233,48,0,0
BRDA:233,48,1,0
BRDA:233,49,0,0
BRDA:233,49,1,0
BRDA:241,50,0,0
BRDA:241,50,1,13644
BRDA:242,51,0,13644
BRDA:242,51,1,13274
BRDA:242,51,2,13274
BRDA:260,52,0,11
BRDA:261,53,0,11
BRDA:267,54,0,2772
BRDA:267,54,1,46
BRDA:267,55,0,2818
BRDA:267,55,1,2781
BRDA:268,56,0,1155
BRDA:268,56,1,1617
BRDA:270,57,0,1155
BRDA:270,57,1,0
BRDA:271,58,0,1155
BRDA:271,58,1,1155
BRDA:276,59,0,1617
BRDA:276,59,1,0
BRDA:277,60,0,1617
BRDA:277,60,1,1617
BRF:117
BRH:78
end_of_record
TN:
SF:src/core/orm/index.ts
FN:42,createModel
FN:136,withTransaction
FNF:2
FNH:1
FNDA:209,createModel
FNDA:0,withTransaction
DA:60,209
DA:61,209
DA:62,209
DA:65,209
DA:73,209
DA:81,209
DA:82,209
DA:83,209
DA:84,209
DA:93,209
DA:144,0
DA:145,0
DA:146,0
DA:148,0
LF:14
LH:10
BRDA:48,0,0,209
BRDA:49,1,0,6
BRDA:61,2,0,209
BRDA:61,2,1,6
BRDA:62,3,0,209
BRDA:62,3,1,6
BRDA:151,4,0,0
BRDA:151,4,1,0
BRF:8
BRH:6
end_of_record
TN:
SF:src/core/orm/soft-delete.ts
FN:12,createSoftDeleteOperations
FN:22,(anonymous_1)
FN:79,(anonymous_2)
FN:111,(anonymous_3)
FN:132,(anonymous_4)
FN:184,(anonymous_5)
FN:214,(anonymous_6)
FNF:7
FNH:7
FNDA:209,createSoftDeleteOperations
FNDA:1,(anonymous_1)
FNDA:1,(anonymous_2)
FNDA:2,(anonymous_3)
FNDA:1,(anonymous_4)
FNDA:1,(anonymous_5)
FNDA:2,(anonymous_6)
DA:20,209
DA:22,209
DA:26,1
DA:27,1
DA:28,0
DA:31,1
DA:32,1
DA:33,1
DA:45,1
DA:49,1
DA:50,0
DA:60,1
DA:62,0
DA:68,0
DA:79,209
DA:83,1
DA:84,1
DA:85,0
DA:88,1
DA:89,1
DA:90,1
DA:91,1
DA:92,1
DA:93,1
DA:97,1
DA:98,1
DA:111,2
DA:113,1
DA:115,0
DA:121,0
DA:132,209
DA:136,1
DA:137,1
DA:138,0
DA:141,1
DA:142,1
DA:143,1
DA:150,1
DA:154,1
DA:155,0
DA:165,1
DA:167,0
DA:173,0
DA:184,209
DA:188,1
DA:189,1
DA:190,0
DA:193,1
DA:194,1
DA:195,1
DA:196,1
DA:197,1
DA:198,1
DA:202,1
DA:203,1
DA:214,2
DA:216,1
DA:218,0
DA:224,0
DA:235,209
LF:60
LH:46
BRDA:17,0,0,0
BRDA:24,1,0,1
BRDA:27,2,0,0
BRDA:27,2,1,1
BRDA:33,3,0,0
BRDA:33,3,1,1
BRDA:36,4,0,0
BRDA:36,4,1,0
BRDA:41,5,0,1
BRDA:41,5,1,0
BRDA:45,6,0,1
BRDA:45,6,1,0
BRDA:49,7,0,0
BRDA:49,7,1,1
BRDA:64,8,0,0
BRDA:64,8,1,0
BRDA:71,9,0,0
BRDA:71,9,1,0
BRDA:81,10,0,1
BRDA:84,11,0,0
BRDA:84,11,1,1
BRDA:92,12,0,1
BRDA:92,12,1,0
BRDA:98,13,0,0
BRDA:98,13,1,1
BRDA:101,14,0,0
BRDA:101,14,1,0
BRDA:106,15,0,1
BRDA:106,15,1,0
BRDA:111,16,0,1
BRDA:111,16,1,0
BRDA:117,17,0,0
BRDA:117,17,1,0
BRDA:124,18,0,0
[...]
FN:154,(anonymous_8)
FN:162,(anonymous_9)
FNF:10
FNH:3
FNDA:0,(anonymous_0)
FNDA:0,(anonymous_1)
FNDA:0,(anonymous_2)
FNDA:0,(anonymous_3)
FNDA:15,(anonymous_4)
FNDA:90,(anonymous_5)
FNDA:109,(anonymous_6)
FNDA:0,(anonymous_7)
FNDA:0,(anonymous_8)
FNDA:0,(anonymous_9)
DA:15,15
DA:18,0
DA:20,15
DA:22,15
DA:23,0
DA:27,15
DA:28,0
DA:30,0
DA:43,0
DA:46,0
DA:49,0
DA:58,15
DA:59,15
DA:72,15
DA:75,15
DA:78,90
DA:91,15
DA:92,109
DA:93,0
DA:96,109
DA:97,109
DA:99,109
DA:109,109
DA:110,109
DA:112,109
DA:113,109
DA:116,0
DA:117,0
DA:119,109
DA:121,0
DA:122,0
DA:124,0
DA:125,0
DA:141,15
DA:142,0
DA:146,0
DA:147,0
DA:150,0
DA:151,0
DA:153,0
DA:155,0
DA:156,0
DA:158,0
DA:163,0
DA:164,0
DA:166,0
DA:167,0
DA:169,0
DA:170,0
DA:173,0
DA:174,0
DA:175,0
DA:177,0
DA:178,0
DA:181,0
DA:184,0
LF:56
LH:20
BRDA:15,0,0,15
BRDA:15,0,1,0
BRDA:22,1,0,0
BRDA:22,1,1,15
BRDA:92,2,0,0
BRDA:92,2,1,109
BRDA:96,3,0,109
BRDA:96,3,1,0
BRDA:97,4,0,109
BRDA:97,4,1,109
BRDA:104,5,0,109
BRDA:104,5,1,41
BRDA:109,6,0,109
BRDA:109,6,1,0
BRDA:109,7,0,109
BRDA:109,7,1,109
BRDA:110,8,0,109
BRDA:110,8,1,0
BRDA:121,9,0,0
BRDA:121,9,1,0
BRDA:141,10,0,0
BRDA:142,11,0,0
BRDA:142,11,1,0
BRDA:146,12,0,0
BRDA:146,12,1,0
BRDA:163,13,0,0
BRDA:163,13,1,0
BRDA:163,14,0,0
BRDA:163,14,1,0
BRDA:166,15,0,0
BRDA:166,15,1,0
BRDA:166,16,0,0
BRDA:166,16,1,0
BRDA:169,17,0,0
BRDA:169,17,1,0
BRDA:169,18,0,0
BRDA:169,18,1,0
BRDA:174,19,0,0
BRDA:174,19,1,0
BRDA:174,20,0,0
BRDA:174,20,1,0
BRDA:177,21,0,0
BRDA:177,21,1,0
BRDA:177,22,0,0
BRDA:177,22,1,0
BRF:45
BRH:12
end_of_record
TN:
SF:src/task-runner/presets.ts
FN:50,(anonymous_0)
FN:51,(anonymous_1)
FN:65,(anonymous_2)
FN:66,(anonymous_3)
FNF:4
FNH:4
FNDA:11,(anonymous_0)
FNDA:21,(anonymous_1)
FNDA:14,(anonymous_2)
FNDA:32,(anonymous_3)
DA:7,1
DA:50,1
DA:51,21
DA:65,1
DA:66,32
LF:5
LH:5
BRF:0
BRH:0
end_of_record
TN:
SF:src/task-runner/pubsub.ts
FN:26,(anonymous_0)
FN:29,(anonymous_1)
FN:35,(anonymous_2)
FN:46,(anonymous_3)
FN:56,(anonymous_4)
FN:67,(anonymous_5)
FN:78,(anonymous_6)
FN:81,(anonymous_7)
FN:88,(anonymous_8)
FN:101,(anonymous_9)
FNF:10
FNH:9
FNDA:23,(anonymous_0)
FNDA:8,(anonymous_1)
FNDA:1,(anonymous_2)
FNDA:2,(anonymous_3)
FNDA:7,(anonymous_4)
FNDA:5,(anonymous_5)
FNDA:6,(anonymous_6)
FNDA:4,(anonymous_7)
FNDA:0,(anonymous_8)
FNDA:6,(anonymous_9)
DA:26,1
DA:27,23
DA:29,23
DA:30,8
DA:31,8
DA:33,8
DA:35,8
DA:36,1
DA:37,1
DA:38,1
DA:39,1
DA:40,1
DA:46,23
DA:47,2
DA:48,2
DA:49,2
DA:50,2
DA:51,2
DA:56,23
DA:57,7
DA:59,7
DA:60,6
DA:61,5
DA:62,5
DA:67,7
DA:68,5
DA:69,5
DA:71,0
DA:75,7
DA:78,23
DA:79,6
DA:80,5
DA:81,4
DA:85,1
DA:88,23
DA:89,0
DA:92,23
DA:101,1
DA:102,6
DA:103,3
DA:106,3
DA:108,3
DA:111,3
DA:112,3
DA:115,0
LF:45
LH:42
BRDA:30,0,0,8
BRDA:30,0,1,0
BRDA:37,1,0,1
BRDA:37,1,1,0
BRDA:39,2,0,1
BRDA:39,2,1,0
BRDA:48,3,0,2
BRDA:48,3,1,0
BRDA:50,4,0,2
BRDA:50,4,1,0
BRDA:60,5,0,5
BRDA:60,5,1,1
BRDA:79,6,0,5
BRDA:79,6,1,1
BRDA:85,7,0,1
BRDA:85,7,1,0
BRDA:102,8,0,3
BRDA:102,8,1,3
BRDA:106,9,0,3
BRDA:106,9,1,0
BRF:20
BRH:13
end_of_record
TN:
SF:src/task-runner/storage.ts
FN:49,(anonymous_0)
FN:135,(anonymous_1)
FN:156,(anonymous_2)
FN:167,(anonymous_3)
FN:178,(anonymous_4)
FN:180,(anonymous_5)
FN:185,(anonymous_6)
FN:187,(anonymous_7)
FN:192,(anonymous_8)
FN:194,(anonymous_9)
FN:199,(anonymous_10)
FN:201,(anonymous_11)
FN:206,(anonymous_12)
FN:209,(anonymous_13)
FN:219,(anonymous_14)
FN:226,(anonymous_15)
FN:229,(anonymous_16)
FNF:17
FNH:9
FNDA:21,(anonymous_0)
FNDA:18,(anonymous_1)
FNDA:2,(anonymous_2)
FNDA:47,(anonymous_3)
FNDA:1,(anonymous_4)
FNDA:0,(anonymous_5)
FNDA:2,(anonymous_6)
FNDA:2,(anonymous_7)
FNDA:0,(anonymous_8)
FNDA:0,(anonymous_9)
FNDA:0,(anonymous_10)
FNDA:0,(anonymous_11)
FNDA:1,(anonymous_12)
FNDA:0,(anonymous_13)
FNDA:0,(anonymous_14)
FNDA:0,(anonymous_15)
FNDA:21,(anonymous_16)
DA:49,1
DA:50,21
DA:53,21
DA:76,21
DA:89,21
DA:97,21
DA:104,21
DA:111,21
DA:112,21
DA:113,21
DA:114,21
DA:115,21
DA:118,21
DA:120,21
DA:125,21
DA:129,21
DA:133,21
DA:136,18
DA:157,2
DA:168,47
DA:169,47
DA:170,16
DA:173,31
DA:179,1
DA:180,1
DA:186,2
DA:187,2
DA:193,0
DA:194,0
DA:200,0
DA:201,0
DA:206,1
DA:210,0
DA:220,0
DA:227,0
DA:229,21
LF:36
LH:29
BRDA:49,0,0,0
BRDA:151,1,0,2
BRDA:151,1,1,16
BRDA:164,2,0,1
BRDA:164,2,1,1
BRDA:169,3,0,16
BRDA:169,3,1,31
BRF:7
BRH:6
end_of_record
TN:
SF:src/task-runner/task-runner.ts
FN:61,(anonymous_0)
FN:71,(anonymous_1)
FN:85,(anonymous_2)
FN:121,(anonymous_3)
FN:158,(anonymous_4)
FN:205,(anonymous_5)
FN:218,(anonymous_6)
FN:234,(anonymous_7)
FN:244,(anonymous_8)
FN:249,(anonymous_9)
FN:254,(anonymous_10)
FN:344,(anonymous_11)
FN:381,(anonymous_12)
FN:391,(anonymous_13)
FN:410,(anonymous_14)
FN:440,(anonymous_15)
FN:463,(anonymous_16)
FN:483,(anonymous_17)
FN:497,(anonymous_18)
FN:520,(anonymous_19)
FN:524,(anonymous_20)
FN:528,(anonymous_21)
FN:532,(anonymous_22)
FN:536,(anonymous_23)
FN:550,(anonymous_24)
FN:564,(anonymous_25)
FN:569,(anonymous_26)
FN:573,(anonymous_27)
FN:577,(anonymous_28)
FN:581,(anonymous_29)
FN:582,(anonymous_30)
FN:583,(anonymous_31)
FN:590,(anonymous_32)
FNF:33
FNH:17
FNDA:19,(anonymous_0)
FNDA:57,(anonymous_1)
FNDA:18,(anonymous_2)
FNDA:15,(anonymous_3)
FNDA:18,(anonymous_4)
FNDA:12,(anonymous_5)
FNDA:0,(anonymous_6)
FNDA:0,(anonymous_7)
FNDA:2,(anonymous_8)
FNDA:0,(anonymous_9)
FNDA:0,(anonymous_10)
FNDA:0,(anonymous_11)
FNDA:0,(anonymous_12)
FNDA:0,(anonymous_13)
FNDA:0,(anonymous_14)
FNDA:1,(anonymous_15)
FNDA:1,(anonymous_16)
FNDA:0,(anonymous_17)
FNDA:1,(anonymous_18)
FNDA:16,(anonymous_19)
FNDA:0,(anonymous_20)
FNDA:0,(anonymous_21)
FNDA:0,(anonymous_22)
FNDA:1,(anonymous_23)
FNDA:1,(anonymous_24)
FNDA:1,(anonymous_25)
FNDA:1,(anonymous_26)
FNDA:0,(anonymous_27)
FNDA:1,(anonymous_28)
FNDA:0,(anonymous_29)
FNDA:0,(anonymous_30)
FNDA:0,(anonymous_31)
FNDA:19,(anonymous_32)
DA:61,1
DA:65,19
DA:66,19
DA:67,19
DA:68,19
DA:69,19
DA:71,19
DA:76,57
DA:85,19
DA:86,18
DA:87,0
DA:90,18
DA:91,0
DA:94,18
DA:101,1
DA:106,17
DA:107,1
DA:111,16
DA:112,1
DA:115,15
DA:116,15
DA:117,0
DA:121,19
DA:127,15
DA:129,13
DA:131,13
DA:132,10
DA:133,0
DA:135,10
DA:136,10
DA:137,3
DA:138,0
DA:139,3
DA:141,1
DA:142,1
DA:143,2
DA:145,2
DA:149,2
DA:150,2
DA:151,2
DA:155,15
DA:158,19
DA:160,18
DA:166,18
DA:168,15
DA:170,15
DA:193,15
DA:195,15
DA:196,12
DA:197,3
DA:198,2
DA:201,15
DA:202,15
DA:205,19
DA:206,12
DA:207,12
DA:208,0
DA:211,12
DA:213,9
DA:218,9
DA:219,0
DA:222,9
DA:223,3
DA:224,3
DA:228,3
DA:229,0
DA:231,3
DA:233,3
DA:234,1
DA:235,0
DA:236,0
DA:239,1
DA:244,19
DA:245,2
DA:246,0
DA:249,2
DA:250,0
DA:254,19
DA:259,0
DA:260,0
DA:261,0
DA:264,0
DA:265,0
DA:266,0
DA:269,0
DA:270,0
DA:278,0
DA:279,0
DA:280,0
DA:281,0
DA:286,0
DA:289,0
DA:290,0
DA:292,0
DA:295,0
DA:296,0
DA:301,0
DA:307,0
DA:309,0
DA:310,0
DA:314,0
DA:315,0
DA:317,0
DA:323,0
DA:329,0
DA:330,0
DA:332,0
DA:333,0
DA:340,0
DA:344,19
DA:349,0
DA:350,0
DA:353,0
DA:357,0
DA:362,0
DA:363,0
DA:364,0
DA:365,0
DA:366,0
DA:367,0
DA:369,0
DA:370,0
DA:375,0
DA:376,0
DA:381,0
DA:382,0
DA:385,0
DA:391,19
DA:392,0
DA:393,0
DA:396,0
DA:397,0
DA:398,0
DA:401,0
DA:402,0
DA:403,0
DA:405,0
DA:407,0
DA:408,0
DA:409,0
DA:410,0
DA:413,0
DA:414,0
DA:418,0
DA:420,0
DA:421,0
DA:425,0
DA:428,0
DA:429,0
DA:432,0
DA:437,0
DA:440,19
DA:441,1
DA:442,1
DA:443,0
DA:446,1
DA:448,1
DA:449,1
DA:450,1
DA:453,1
DA:454,1
DA:455,0
DA:456,0
DA:459,1
DA:460,1
DA:463,19
DA:464,1
DA:465,1
DA:466,0
DA:469,1
DA:471,1
DA:472,1
DA:473,1
DA:476,0
DA:488,0
DA:489,0
DA:493,1
DA:494,1
DA:497,19
DA:498,1
DA:499,1
DA:500,0
DA:503,1
DA:504,1
DA:505,1
DA:506,1
DA:509,1
DA:510,1
DA:511,0
DA:512,0
DA:515,1
DA:516,1
DA:517,1
DA:520,19
DA:521,16
DA:524,19
DA:525,0
DA:528,19
DA:529,0
DA:532,19
DA:533,0
DA:536,19
DA:537,1
DA:538,1
DA:539,1
DA:542,0
DA:543,0
DA:544,0
DA:547,0
DA:550,19
DA:551,1
DA:552,1
DA:553,1
DA:556,0
DA:557,0
DA:558,0
DA:561,0
DA:564,19
DA:565,1
DA:566,1
DA:569,19
DA:570,1
DA:573,19
DA:574,0
DA:577,19
DA:578,1
DA:579,1
DA:581,0
DA:582,0
DA:583,0
DA:590,19
DA:591,19
DA:592,8
DA:594,19
DA:596,19
DA:597,1
DA:599,19
DA:601,19
DA:602,19
DA:605,19
DA:607,19
LF:241
LH:133
BRDA:61,0,0,0
BRDA:62,1,0,0
BRDA:63,2,0,9
BRDA:74,3,0,57
BRDA:86,4,0,0
BRDA:86,4,1,18
BRDA:90,5,0,0
BRDA:90,5,1,18
BRDA:90,6,0,18
BRDA:90,6,1,18
BRDA:94,7,0,1
BRDA:94,7,1,17
BRDA:95,8,0,18
BRDA:95,8,1,15
BRDA:95,8,2,5
BRDA:95,8,3,5
BRDA:95,8,4,2
BRDA:106,9,0,1
BRDA:106,9,1,16
BRDA:106,10,0,17
BRDA:106,10,1,3
BRDA:111,11,0,1
BRDA:111,11,1,15
BRDA:111,12,0,16
BRDA:111,12,1,3
BRDA:116,13,0,0
BRDA:116,13,1,15
BRDA:127,14,0,13
BRDA:127,14,1,2
BRDA:129,15,0,13
BRDA:129,15,1,11
BRDA:131,16,0,10
BRDA:131,16,1,3
BRDA:132,17,0,0
BRDA:132,17,1,10
BRDA:137,18,0,0
BRDA:137,18,1,3
BRDA:139,19,0,1
BRDA:139,19,1,2
BRDA:143,20,0,2
BRDA:143,20,1,0
BRDA:147,21,0,2
BRDA:147,21,1,1
BRDA:181,22,0,15
BRDA:181,22,1,0
BRDA:184,23,0,1
BRDA:184,23,1,14
BRDA:186,24,0,0
BRDA:186,24,1,15
BRDA:195,25,0,12
BRDA:195,25,1,3
BRDA:195,26,0,15
BRDA:195,26,1,13
BRDA:197,27,0,2
BRDA:197,27,1,1
BRDA:207,28,0,0
BRDA:207,28,1,12
BRDA:211,29,0,9
BRDA:211,29,1,3
BRDA:214,30,0,9
BRDA:214,30,1,0
BRDA:223,31,0,3
BRDA:223,31,1,0
BRDA:223,32,0,3
BRDA:223,32,1,1
BRDA:224,33,0,1
BRDA:224,33,1,2
BRDA:226,34,0,2
BRDA:226,34,1,0
BRDA:228,35,0,0
BRDA:228,35,1,3
BRDA:233,36,0,1
BRDA:233,36,1,2
BRDA:245,37,0,0
BRDA:245,37,1,2
BRDA:260,38,0,0
BRDA:260,38,1,0
BRDA:260,39,0,0
BRDA:260,39,1,0
BRDA:260,39,2,0
BRDA:264,40,0,0
BRDA:264,40,1,0
BRDA:289,41,0,0
BRDA:289,41,1,0
BRDA:309,42,0,0
BRDA:309,42,1,0
BRDA:309,43,0,0
BRDA:309,43,1,0
BRDA:309,43,2,0
BRDA:314,44,0,0
BRDA:314,44,1,0
BRDA:329,45,0,0
BRDA:329,45,1,0
BRDA:349,46,0,0
BRDA:349,46,1,0
BRDA:353,47,0,0
BRDA:353,47,1,0
BRDA:357,48,0,0
BRDA:357,48,1,0
BRDA:362,49,0,0
BRDA:362,49,1,0
BRDA:364,50,0,0
BRDA:364,50,1,0
BRDA:369,51,0,0
BRDA:369,51,1,0
BRDA:392,52,0,0
BRDA:392,52,1,0
BRDA:397,53,0,0
BRDA:397,53,1,0
BRDA:403,54,0,0
BRDA:403,54,1,0
BRDA:405,55,0,0
BRDA:405,55,1,0
BRDA:413,56,0,0
BRDA:413,56,1,0
BRDA:418,57,0,0
BRDA:418,57,1,0
BRDA:420,58,0,0
BRDA:420,58,1,0
BRDA:428,59,0,0
BRDA:428,59,1,0
BRDA:442,60,0,0
BRDA:442,60,1,1
BRDA:449,61,0,1
BRDA:449,61,1,0
BRDA:454,62,0,0
BRDA:454,62,1,1
BRDA:465,63,0,0
BRDA:465,63,1,1
BRDA:472,64,0,1
BRDA:472,64,1,0
BRDA:488,65,0,0
BRDA:488,65,1,0
BRDA:499,66,0,0
BRDA:499,66,1,1
BRDA:504,67,0,1
BRDA:504,67,1,0
BRDA:510,68,0,0
BRDA:510,68,1,1
BRDA:538,69,0,1
BRDA:538,69,1,0
BRDA:543,70,0,0
BRDA:543,70,1,0
BRDA:552,71,0,1
BRDA:552,71,1,0
BRDA:557,72,0,0
BRDA:557,72,1,0
BRF:147
BRH:69
end_of_record
TN:
SF:src/task-runner/time-utils.ts
FN:16,(anonymous_0)
FN:50,(anonymous_1)
FN:64,(anonymous_2)
FN:80,(anonymous_3)
FN:86,(anonymous_4)
FN:96,(anonymous_5)
FNF:6
FNH:5
FNDA:9,(anonymous_0)
FNDA:3,(anonymous_1)
FNDA:3,(anonymous_2)
FNDA:0,(anonymous_3)
FNDA:20,(anonymous_4)
FNDA:6,(anonymous_5)
DA:4,2
DA:5,2
DA:16,2
DA:17,9
DA:19,9
DA:20,2
DA:25,7
DA:26,7
DA:28,7
DA:36,7
DA:50,2
DA:51,3
DA:52,3
DA:64,2
DA:65,3
DA:66,3
DA:67,3
DA:80,2
DA:81,0
DA:82,0
DA:83,0
DA:86,2
DA:87,20
DA:89,20
DA:90,13
DA:92,7
DA:96,2
DA:104,6
DA:105,1
DA:110,5
DA:113,5
DA:116,5
DA:118,0
DA:121,5
DA:122,1
DA:126,4
DA:129,4
DA:130,1
DA:138,3
LF:39
LH:35
BRDA:19,0,0,2
BRDA:19,0,1,7
BRDA:83,1,0,0
BRDA:83,1,1,0
BRDA:104,2,0,1
BRDA:104,2,1,5
BRDA:104,3,0,6
BRDA:104,3,1,5
BRDA:113,4,0,0
BRDA:113,4,1,5
BRDA:113,5,0,5
BRDA:113,5,1,5
BRDA:121,6,0,1
BRDA:121,6,1,4
BRDA:126,7,0,4
BRDA:126,7,1,1
BRDA:129,8,0,1
BRDA:129,8,1,3
BRF:18
BRH:15
end_of_record
TN:
SF:src/types/action-hook.ts
FN:28,validateActionHookResult
FN:44,formatInvalidHookResultError
FNF:2
FNH:1
FNDA:0,validateActionHookResult
FNDA:3,formatInvalidHookResultError
DA:31,0
DA:32,0
DA:34,0
DA:35,0
DA:37,0
DA:38,0
DA:41,0
DA:45,3
LF:8
LH:1
BRDA:31,0,0,0
BRDA:31,0,1,0
BRDA:31,1,0,0
BRDA:31,1,1,0
BRDA:31,1,2,0
BRDA:34,2,0,0
BRDA:34,2,1,0
BRDA:34,3,0,0
BRDA:34,3,1,0
BRDA:37,4,0,0
BRDA:37,4,1,0
BRDA:37,5,0,0
BRDA:37,5,1,0
BRF:13
BRH:0
end_of_record
TN:
SF:src/types/auth-handler.ts
FN:22,validateAuthHandlerResult
FN:37,formatInvalidAuthResultError
FNF:2
FNH:0
FNDA:0,validateAuthHandlerResult
FNDA:0,formatInvalidAuthResultError
DA:25,0
DA:26,0
DA:27,0
DA:28,0
DA:30,0
DA:31,0
DA:34,0
DA:38,0
LF:8
LH:0
BRDA:25,0,0,0
BRDA:25,0,1,0
BRDA:25,1,0,0
BRDA:25,1,1,0
BRDA:25,1,2,0
BRDA:27,2,0,0
BRDA:27,2,1,0
BRDA:27,3,0,0
BRDA:27,3,1,0
BRDA:30,4,0,0
BRDA:30,4,1,0
BRDA:30,5,0,0
BRDA:30,5,1,0
BRF:13
BRH:0
end_of_record
TN:
SF:src/utils/check-if-empty.ts
FN:10,(anonymous_0)
FNF:1
FNH:0
FNDA:0,(anonymous_0)
DA:10,8
DA:14,0
DA:15,0
DA:16,0
DA:17,0
DA:19,0
DA:20,0
DA:26,0
DA:29,0
DA:30,0
DA:36,0
DA:38,0
LF:12
LH:1
BRDA:14,0,0,0
BRDA:14,0,1,0
BRDA:15,1,0,0
BRDA:15,1,1,0
BRDA:19,2,0,0
BRDA:19,2,1,0
BRDA:29,3,0,0
BRDA:29,3,1,0
BRF:8
BRH:0
end_of_record
TN:
SF:src/utils/clean-object.ts
FN:10,(anonymous_0)
FN:14,(anonymous_1)
FN:20,(anonymous_2)
FN:23,(anonymous_3)
FN:33,(anonymous_4)
FN:44,(anonymous_5)
FNF:6
FNH:0
FNDA:0,(anonymous_0)
FNDA:0,(anonymous_1)
FNDA:0,(anonymous_2)
FNDA:0,(anonymous_3)
FNDA:0,(anonymous_4)
FNDA:0,(anonymous_5)
DA:10,8
DA:14,0
DA:15,0
DA:20,0
DA:21,0
DA:23,0
DA:27,0
DA:28,0
DA:30,0
DA:33,0
DA:34,0
DA:35,0
DA:36,0
DA:37,0
DA:40,0
DA:43,0
DA:45,0
DA:46,0
DA:47,0
DA:49,0
DA:54,0
LF:21
LH:1
BRDA:12,0,0,0
BRDA:15,1,0,0
BRDA:15,1,1,0
BRDA:15,1,2,0
BRDA:15,1,3,0
BRDA:21,2,0,0
BRDA:21,2,1,0
BRDA:21,2,2,0
BRDA:21,2,3,0
BRDA:27,3,0,0
BRDA:27,3,1,0
BRDA:27,4,0,0
BRDA:27,4,1,0
BRDA:27,4,2,0
BRDA:30,5,0,0
BRDA:30,5,1,0
BRDA:30,6,0,0
BRDA:30,6,1,0
BRDA:36,7,0,0
BRDA:36,7,1,0
BRDA:37,8,0,0
BRDA:37,8,1,0
BRDA:40,9,0,0
BRDA:40,9,1,0
BRDA:46,10,0,0
BRDA:46,10,1,0
BRF:26
BRH:0
end_of_record
TN:
SF:src/utils/erorr-formatter.ts
FN:8,(anonymous_0)
FNF:1
FNH:1
FNDA:3,(anonymous_0)
DA:4,12
DA:8,12
DA:9,3
DA:10,3
LF:4
LH:4
BRF:0
BRH:0
end_of_record
TN:
SF:src/utils/get-changes.ts
FN:17,(anonymous_0)
FN:22,(anonymous_1)
FNF:2
FNH:2
FNDA:12,(anonymous_0)
FNDA:100,(anonymous_1)
DA:17,13
DA:21,12
DA:22,12
DA:24,100
DA:26,100
DA:27,100
DA:28,85
DA:31,12
LF:8
LH:8
BRDA:26,0,0,100
BRDA:26,0,1,7
BRDA:27,1,0,85
BRDA:27,1,1,15
BRDA:27,2,0,100
BRDA:27,2,1,15
BRF:6
BRH:6
end_of_record
TN:
SF:src/utils/handle-generator.ts
FN:57,(anonymous_0)
FN:75,(anonymous_1)
FN:84,(anonymous_2)
FN:91,(anonymous_3)
FNF:4
FNH:0
FNDA:0,(anonymous_0)
FNDA:0,(anonymous_1)
FNDA:0,(anonymous_2)
FNDA:0,(anonymous_3)
DA:3,8
DA:19,8
DA:57,8
DA:67,0
DA:69,0
DA:70,0
DA:72,0
DA:74,0
DA:77,0
DA:78,0
DA:79,0
DA:81,0
DA:82,0
DA:86,0
DA:93,0
DA:94,0
DA:98,0
DA:99,0
DA:101,0
DA:102,0
DA:105,0
LF:21
LH:3
BRDA:59,0,0,0
BRDA:62,1,0,0
BRDA:63,2,0,0
BRDA:64,3,0,0
BRDA:65,4,0,0
BRDA:66,5,0,0
BRDA:77,6,0,0
BRDA:77,6,1,0
BRDA:101,7,0,0
BRDA:101,7,1,0
BRF:10
BRH:0
end_of_record
TN:
SF:src/utils/has-expired.ts
FN:1,(anonymous_0)
FN:6,(anonymous_1)
FNF:2
FNH:2
FNDA:6,(anonymous_0)
FNDA:6,(anonymous_1)
DA:1,8
DA:6,6
DA:10,6
DA:17,6
DA:25,6
DA:26,6
DA:27,6
DA:32,6
DA:34,6
LF:9
LH:9
BRDA:19,0,0,6
BRDA:19,0,1,0
BRF:2
BRH:1
end_of_record
TN:
SF:src/utils/merge-changes.ts
FN:18,mergeChanges
FN:28,mergeObjects
FNF:2
FNH:2
FNDA:14,mergeChanges
FNDA:26,mergeObjects
DA:22,14
DA:25,14
DA:33,26
DA:34,46
DA:35,46
DA:37,46
DA:46,12
DA:47,34
DA:49,22
DA:54,22
DA:60,14
DA:62,14
LF:12
LH:12
BRDA:31,0,0,14
BRDA:37,1,0,12
BRDA:37,1,1,34
BRDA:38,2,0,46
BRDA:38,2,1,35
BRDA:38,2,2,14
BRDA:38,2,3,13
BRDA:38,2,4,12
BRDA:38,2,5,12
BRDA:47,3,0,22
BRDA:47,3,1,12
BRDA:47,4,0,34
BRDA:47,4,1,26
BRDA:50,5,0,2
BRDA:50,5,1,20
BRF:15
BRH:15
end_of_record
TN:
SF:src/utils/merge-two-objects.ts
FN:21,deepMerge
FNF:1
FNH:1
FNDA:25,deepMerge
DA:25,25
DA:28,25
DA:29,53
DA:30,53
DA:31,2
DA:32,51
DA:33,12
DA:35,39
DA:40,25
DA:41,14
DA:42,14
DA:45,14
DA:54,7
DA:57,7
DA:61,25
DA:64,9
LF:16
LH:16
BRDA:30,0,0,2
BRDA:30,0,1,51
BRDA:32,1,0,12
BRDA:32,1,1,39
BRDA:32,2,0,51
BRDA:32,2,1,51
BRDA:32,2,2,12
BRDA:45,3,0,7
BRDA:45,3,1,7
BRDA:46,4,0,14
BRDA:46,4,1,13
BRDA:46,4,2,8
BRDA:46,4,3,7
BRDA:46,4,4,7
BRDA:46,4,5,7
BRF:15
BRH:15
end_of_record
TN:
SF:src/utils/performance.ts
FN:22,createPerformanceTracker
FN:30,(anonymous_1)
FN:41,(anonymous_2)
FN:52,(anonymous_3)
FN:64,(anonymous_4)
FN:85,measurePerformance
FNF:6
FNH:6
FNDA:10,createPerformanceTracker
FNDA:13,(anonymous_1)
FNDA:14,(anonymous_2)
FNDA:10,(anonymous_3)
FNDA:1,(anonymous_4)
FNDA:4,measurePerformance
DA:23,10
DA:24,10
DA:26,10
DA:31,13
DA:42,14
DA:43,14
DA:44,12
DA:45,12
DA:53,10
DA:54,10
DA:65,1
DA:66,1
DA:72,1
DA:73,2
DA:74,2
DA:77,1
DA:88,4
DA:89,4
DA:90,3
DA:91,3
DA:93,3
LF:21
LH:21
BRDA:43,0,0,12
BRDA:43,0,1,2
BRDA:43,1,0,14
BRDA:43,1,1,13
BRDA:73,2,0,2
BRDA:73,2,1,0
BRF:6
BRH:5
end_of_record
TN:
SF:src/utils/safe-try.ts
FN:72,(anonymous_0)
FN:80,(anonymous_1)
FN:89,(anonymous_2)
FN:104,(anonymous_3)
FN:116,(anonymous_4)
FN:130,(anonymous_5)
FNF:6
FNH:6
FNDA:137,(anonymous_0)
FNDA:46,(anonymous_1)
FNDA:297,(anonymous_2)
FNDA:80,(anonymous_3)
FNDA:42,(anonymous_4)
FNDA:14,(anonymous_5)
DA:72,12
DA:73,137
DA:80,12
DA:81,46
DA:89,297
DA:104,12
DA:108,80
DA:116,42
DA:130,12
DA:134,14
DA:135,14
DA:136,14
DA:137,14
DA:139,2
DA:140,2
DA:141,0
DA:143,2
DA:146,14
LF:18
LH:17
BRDA:89,0,0,262
BRDA:113,1,0,80
BRDA:113,1,1,44
BRDA:114,2,0,39
BRDA:114,2,1,41
BRDA:132,3,0,14
BRDA:140,4,0,0
BRDA:140,4,1,2
BRF:8
BRH:7
end_of_record
TN:
SF:src/utils/token-utils.ts
FN:12,(anonymous_0)
FN:24,(anonymous_1)
FN:25,(anonymous_2)
FN:26,(anonymous_3)
FN:27,(anonymous_4)
FN:46,(anonymous_5)
FN:51,(anonymous_6)
FNF:7
FNH:0
FNDA:0,(anonymous_0)
FNDA:0,(anonymous_1)
FNDA:0,(anonymous_2)
FNDA:0,(anonymous_3)
FNDA:0,(anonymous_4)
FNDA:0,(anonymous_5)
FNDA:0,(anonymous_6)
DA:3,0
DA:4,0
DA:6,0
DA:7,0
DA:12,0
DA:13,0
DA:17,0
DA:21,0
DA:24,0
DA:25,0
DA:26,0
DA:27,0
DA:28,0
DA:29,0
DA:31,0
DA:35,0
DA:36,0
DA:38,0
DA:39,0
DA:41,0
DA:46,0
DA:47,0
DA:48,0
DA:51,0
DA:52,0
DA:53,0
DA:55,0
DA:56,0
LF:28
LH:0
BRDA:6,0,0,0
BRDA:6,0,1,0
BRDA:6,1,0,0
BRDA:6,1,1,0
BRDA:28,2,0,0
BRDA:28,2,1,0
BRF:6
BRH:0
end_of_record
TN:
SF:src/utils/url-safety.ts
FN:9,(anonymous_0)
FNF:1
FNH:1
FNDA:230,(anonymous_0)
DA:9,8
DA:10,230
LF:2
LH:2
BRF:0
BRH:0
end_of_record
TN:
SF:src/utils/validation-utils.ts
FN:21,(anonymous_0)
FN:40,(anonymous_1)
FN:68,(anonymous_2)
FNF:3
FNH:2
FNDA:472,(anonymous_0)
FNDA:0,(anonymous_1)
FNDA:472,(anonymous_2)
DA:21,12
DA:25,472
DA:28,472
DA:29,440
DA:32,423
DA:34,17
DA:38,440
DA:39,0
DA:40,0
DA:41,0
DA:44,0
DA:46,32
DA:47,17
DA:49,15
DA:52,472
DA:53,3
DA:57,472
DA:58,0
DA:62,472
DA:63,472
DA:65,472
DA:68,12
DA:73,472
DA:75,0
DA:77,0
DA:80,472
DA:81,423
DA:83,49
DA:84,17
DA:86,32
LF:30
LH:23
BRDA:25,0,0,472
BRDA:25,0,1,32
BRDA:28,1,0,440
BRDA:28,1,1,32
BRDA:29,2,0,423
BRDA:29,2,1,17
BRDA:38,3,0,0
BRDA:38,3,1,440
BRDA:38,4,0,440
BRDA:38,4,1,0
BRDA:46,5,0,17
BRDA:46,5,1,15
BRDA:52,6,0,3
BRDA:52,6,1,469
BRDA:57,7,0,0
BRDA:57,7,1,472
BRDA:62,8,0,472
BRDA:62,8,1,42
BRDA:73,9,0,0
BRDA:73,9,1,0
BRDA:73,9,2,472
BRDA:80,10,0,423
BRDA:80,10,1,49
BRDA:83,11,0,17
BRDA:83,11,1,32
BRF:25
BRH:20
end_of_record
TN:
SF:web/mdx-components.tsx
FN:4,useMDXComponents
FNF:1
FNH:0
FNDA:0,useMDXComponents
DA:5,0
LF:1
LH:0
BRF:0
BRH:0
end_of_record
TN:
SF:web/next.config.mjs
FNF:0
FNH:0
DA:2,0
LF:1
LH:0
BRF:0
BRH:0
end_of_record
TN:
SF:web/source.config.ts
FNF:0
FNH:0
DA:3,0
LF:1
LH:0
BRF:0
BRH:0
end_of_record
TN:
SF:web/tailwind.config.ts
FNF:0
FNH:0
DA:4,0
LF:1
LH:0
BRF:0
BRH:0
end_of_record
TN:
SF:web/app/layout.tsx
FN:5,Layout
FNF:1
FNH:0
FNDA:0,Layout
DA:6,0
LF:1
LH:0
BRF:0
BRH:0
end_of_record
TN:
SF:web/app/page.tsx
FN:3,HomePage
FNF:1
FNH:0
FNDA:0,HomePage
DA:4,0
LF:1
LH:0
BRF:0
BRH:0
end_of_record
TN:
SF:web/app/docs/layout.tsx
FN:5,RootDocsLayout
FNF:1
FNH:0
FNDA:0,RootDocsLayout
DA:6,0
LF:1
LH:0
BRF:0
BRH:0
end_of_record
TN:
SF:web/app/docs/[[...slug]]/page.tsx
FN:5,Page
FN:28,generateStaticParams
FN:32,generateMetadata
FNF:3
FNH:0
FNDA:0,Page
FNDA:0,generateStaticParams
FNDA:0,generateMetadata
DA:10,0
DA:12,0
DA:13,0
DA:16,0
DA:18,0
DA:29,0
DA:33,0
DA:35,0
DA:36,0
DA:39,0
LF:10
LH:0
BRDA:12,0,0,0
BRDA:12,0,1,0
BRDA:35,1,0,0
BRDA:35,1,1,0
BRF:4
BRH:0
end_of_record
TN:
SF:web/lib/page-tree.ts
FNF:0
FNH:0
DA:1,0
LF:1
LH:0
BRF:0
BRH:0
end_of_record
TN:
SF:web/lib/source.ts
FN:5,(anonymous_0)
FN:10,(anonymous_1)
FNF:2
FNH:0
FNDA:0,(anonymous_0)
FNDA:0,(anonymous_1)
DA:3,0
DA:6,0
DA:8,0
DA:11,0
LF:4
LH:0
BRDA:6,0,0,0
BRDA:6,0,1,0
BRF:2
BRH:0
end_of_record
